mode: set
github.com/go-py/go-python/pkg/objects/object.go:81.37,81.59 1 1
github.com/go-py/go-python/pkg/objects/object.go:82.37,82.74 1 1
github.com/go-py/go-python/pkg/objects/object.go:87.24,88.34 1 1
github.com/go-py/go-python/pkg/objects/object.go:88.34,90.3 1 1
github.com/go-py/go-python/pkg/objects/object.go:91.2,91.25 1 1
github.com/go-py/go-python/pkg/objects/object.go:94.41,95.23 1 1
github.com/go-py/go-python/pkg/objects/object.go:95.23,97.3 1 1
github.com/go-py/go-python/pkg/objects/object.go:98.2,98.26 1 1
github.com/go-py/go-python/pkg/objects/object.go:98.26,100.3 1 1
github.com/go-py/go-python/pkg/objects/object.go:101.2,101.27 1 1
github.com/go-py/go-python/pkg/objects/object.go:107.23,110.2 2 1
github.com/go-py/go-python/pkg/objects/object.go:112.40,113.22 1 1
github.com/go-py/go-python/pkg/objects/object.go:113.22,115.3 1 1
github.com/go-py/go-python/pkg/objects/object.go:116.2,116.18 1 1
github.com/go-py/go-python/pkg/objects/object.go:116.18,117.38 1 1
github.com/go-py/go-python/pkg/objects/object.go:117.38,119.4 1 1
github.com/go-py/go-python/pkg/objects/object.go:120.3,121.29 2 1
github.com/go-py/go-python/pkg/objects/object.go:121.29,123.4 1 1
github.com/go-py/go-python/pkg/objects/object.go:124.3,124.11 1 1
github.com/go-py/go-python/pkg/objects/object.go:126.2,126.26 1 1
github.com/go-py/go-python/pkg/objects/object.go:133.35,133.55 1 1
github.com/go-py/go-python/pkg/objects/object.go:134.35,134.72 1 1
github.com/go-py/go-python/pkg/objects/object.go:141.46,143.2 1 1
github.com/go-py/go-python/pkg/objects/object.go:145.37,145.59 1 1
github.com/go-py/go-python/pkg/objects/object.go:146.36,147.17 1 1
github.com/go-py/go-python/pkg/objects/object.go:147.17,149.3 1 1
github.com/go-py/go-python/pkg/objects/object.go:150.2,150.16 1 1
github.com/go-py/go-python/pkg/objects/object.go:150.16,152.3 1 1
github.com/go-py/go-python/pkg/objects/object.go:153.2,153.48 1 1
github.com/go-py/go-python/pkg/objects/object.go:160.37,160.59 1 1
github.com/go-py/go-python/pkg/objects/object.go:161.37,161.74 1 1
github.com/go-py/go-python/pkg/objects/object.go:167.36,167.57 1 1
github.com/go-py/go-python/pkg/objects/object.go:168.36,168.54 1 1
github.com/go-py/go-python/pkg/objects/object.go:170.54,171.14 1 1
github.com/go-py/go-python/pkg/objects/object.go:172.15,175.36 1 1
github.com/go-py/go-python/pkg/objects/object.go:175.36,177.12 2 1
github.com/go-py/go-python/pkg/objects/object.go:177.12,179.6 1 1
github.com/go-py/go-python/pkg/objects/object.go:180.5,182.23 3 1
github.com/go-py/go-python/pkg/objects/object.go:182.23,183.41 1 0
github.com/go-py/go-python/pkg/objects/object.go:183.41,185.7 1 0
github.com/go-py/go-python/pkg/objects/object.go:187.5,187.23 1 1
github.com/go-py/go-python/pkg/objects/object.go:187.23,188.41 1 0
github.com/go-py/go-python/pkg/objects/object.go:188.41,190.7 1 0
github.com/go-py/go-python/pkg/objects/object.go:192.5,192.18 1 1
github.com/go-py/go-python/pkg/objects/object.go:192.18,194.6 1 0
github.com/go-py/go-python/pkg/objects/object.go:195.5,195.27 1 1
github.com/go-py/go-python/pkg/objects/object.go:195.27,197.6 1 0
github.com/go-py/go-python/pkg/objects/object.go:198.5,198.21 1 1
github.com/go-py/go-python/pkg/objects/object.go:198.21,200.6 1 0
github.com/go-py/go-python/pkg/objects/object.go:201.5,202.18 2 1
github.com/go-py/go-python/pkg/objects/object.go:202.18,204.6 1 1
github.com/go-py/go-python/pkg/objects/object.go:205.5,205.47 1 1
github.com/go-py/go-python/pkg/objects/object.go:208.16,211.36 1 1
github.com/go-py/go-python/pkg/objects/object.go:211.36,213.12 2 1
github.com/go-py/go-python/pkg/objects/object.go:213.12,215.6 1 1
github.com/go-py/go-python/pkg/objects/object.go:216.5,218.23 3 1
github.com/go-py/go-python/pkg/objects/object.go:218.23,219.41 1 0
github.com/go-py/go-python/pkg/objects/object.go:219.41,221.7 1 0
github.com/go-py/go-python/pkg/objects/object.go:223.5,223.23 1 1
github.com/go-py/go-python/pkg/objects/object.go:223.23,224.41 1 0
github.com/go-py/go-python/pkg/objects/object.go:224.41,226.7 1 0
github.com/go-py/go-python/pkg/objects/object.go:228.5,228.18 1 1
github.com/go-py/go-python/pkg/objects/object.go:228.18,230.6 1 0
github.com/go-py/go-python/pkg/objects/object.go:231.5,231.27 1 1
github.com/go-py/go-python/pkg/objects/object.go:231.27,233.6 1 0
github.com/go-py/go-python/pkg/objects/object.go:234.5,234.21 1 1
github.com/go-py/go-python/pkg/objects/object.go:234.21,236.6 1 0
github.com/go-py/go-python/pkg/objects/object.go:237.5,238.18 2 1
github.com/go-py/go-python/pkg/objects/object.go:238.18,240.6 1 1
github.com/go-py/go-python/pkg/objects/object.go:241.5,241.47 1 1
github.com/go-py/go-python/pkg/objects/object.go:244.15,247.36 1 1
github.com/go-py/go-python/pkg/objects/object.go:247.36,249.12 2 1
github.com/go-py/go-python/pkg/objects/object.go:249.12,251.6 1 1
github.com/go-py/go-python/pkg/objects/object.go:252.5,252.69 1 1
github.com/go-py/go-python/pkg/objects/object.go:255.17,256.72 1 1
github.com/go-py/go-python/pkg/objects/object.go:256.72,257.30 1 1
github.com/go-py/go-python/pkg/objects/object.go:257.30,258.28 1 1
github.com/go-py/go-python/pkg/objects/object.go:258.28,260.6 1 1
github.com/go-py/go-python/pkg/objects/object.go:262.4,262.24 1 1
github.com/go-py/go-python/pkg/objects/object.go:262.24,264.5 1 1
github.com/go-py/go-python/pkg/objects/object.go:265.4,265.16 1 1
github.com/go-py/go-python/pkg/objects/object.go:267.17,268.72 1 1
github.com/go-py/go-python/pkg/objects/object.go:268.72,269.30 1 1
github.com/go-py/go-python/pkg/objects/object.go:269.30,270.29 1 1
github.com/go-py/go-python/pkg/objects/object.go:270.29,272.6 1 1
github.com/go-py/go-python/pkg/objects/object.go:274.4,274.24 1 1
github.com/go-py/go-python/pkg/objects/object.go:274.24,276.5 1 1
github.com/go-py/go-python/pkg/objects/object.go:277.4,277.16 1 0
github.com/go-py/go-python/pkg/objects/object.go:279.17,280.72 1 1
github.com/go-py/go-python/pkg/objects/object.go:280.72,281.30 1 1
github.com/go-py/go-python/pkg/objects/object.go:281.30,282.52 1 1
github.com/go-py/go-python/pkg/objects/object.go:282.52,284.6 1 0
github.com/go-py/go-python/pkg/objects/object.go:286.4,286.24 1 1
github.com/go-py/go-python/pkg/objects/object.go:286.24,288.5 1 1
github.com/go-py/go-python/pkg/objects/object.go:289.4,289.16 1 0
github.com/go-py/go-python/pkg/objects/object.go:291.17,292.72 1 1
github.com/go-py/go-python/pkg/objects/object.go:292.72,293.30 1 1
github.com/go-py/go-python/pkg/objects/object.go:293.30,294.28 1 1
github.com/go-py/go-python/pkg/objects/object.go:294.28,296.6 1 0
github.com/go-py/go-python/pkg/objects/object.go:298.4,298.24 1 1
github.com/go-py/go-python/pkg/objects/object.go:298.24,300.5 1 1
github.com/go-py/go-python/pkg/objects/object.go:301.4,301.16 1 0
github.com/go-py/go-python/pkg/objects/object.go:303.17,304.72 1 1
github.com/go-py/go-python/pkg/objects/object.go:304.72,306.30 2 1
github.com/go-py/go-python/pkg/objects/object.go:306.30,307.28 1 1
github.com/go-py/go-python/pkg/objects/object.go:307.28,309.29 2 1
github.com/go-py/go-python/pkg/objects/object.go:309.29,311.7 1 0
github.com/go-py/go-python/pkg/objects/object.go:314.4,314.17 1 1
github.com/go-py/go-python/pkg/objects/object.go:314.17,316.5 1 1
github.com/go-py/go-python/pkg/objects/object.go:317.4,317.16 1 0
github.com/go-py/go-python/pkg/objects/object.go:319.17,320.72 1 1
github.com/go-py/go-python/pkg/objects/object.go:320.72,322.30 2 1
github.com/go-py/go-python/pkg/objects/object.go:322.30,323.28 1 1
github.com/go-py/go-python/pkg/objects/object.go:323.28,325.29 2 1
github.com/go-py/go-python/pkg/objects/object.go:325.29,327.7 1 0
github.com/go-py/go-python/pkg/objects/object.go:330.4,330.17 1 1
github.com/go-py/go-python/pkg/objects/object.go:330.17,332.5 1 1
github.com/go-py/go-python/pkg/objects/object.go:333.4,333.16 1 0
github.com/go-py/go-python/pkg/objects/object.go:335.17,336.72 1 1
github.com/go-py/go-python/pkg/objects/object.go:336.72,338.23 2 1
github.com/go-py/go-python/pkg/objects/object.go:338.23,340.5 1 0
github.com/go-py/go-python/pkg/objects/object.go:341.4,341.28 1 1
github.com/go-py/go-python/pkg/objects/object.go:341.28,343.24 2 1
github.com/go-py/go-python/pkg/objects/object.go:343.24,344.14 1 0
github.com/go-py/go-python/pkg/objects/object.go:346.5,346.35 1 1
github.com/go-py/go-python/pkg/objects/object.go:346.35,348.6 1 0
github.com/go-py/go-python/pkg/objects/object.go:349.5,349.33 1 1
github.com/go-py/go-python/pkg/objects/object.go:349.33,350.52 1 1
github.com/go-py/go-python/pkg/objects/object.go:350.52,352.7 1 0
github.com/go-py/go-python/pkg/objects/object.go:355.4,355.15 1 1
github.com/go-py/go-python/pkg/objects/object.go:357.20,358.75 1 1
github.com/go-py/go-python/pkg/objects/object.go:358.75,359.25 1 1
github.com/go-py/go-python/pkg/objects/object.go:359.25,361.5 1 0
github.com/go-py/go-python/pkg/objects/object.go:362.4,364.36 3 1
github.com/go-py/go-python/pkg/objects/object.go:364.36,366.5 1 1
github.com/go-py/go-python/pkg/objects/object.go:367.4,367.40 1 1
github.com/go-py/go-python/pkg/objects/object.go:369.15,370.70 1 1
github.com/go-py/go-python/pkg/objects/object.go:370.70,373.28 3 1
github.com/go-py/go-python/pkg/objects/object.go:373.28,374.28 1 1
github.com/go-py/go-python/pkg/objects/object.go:374.28,375.19 1 1
github.com/go-py/go-python/pkg/objects/object.go:375.19,377.7 1 1
github.com/go-py/go-python/pkg/objects/object.go:377.12,379.7 1 1
github.com/go-py/go-python/pkg/objects/object.go:380.6,380.23 1 1
github.com/go-py/go-python/pkg/objects/object.go:381.11,383.6 1 1
github.com/go-py/go-python/pkg/objects/object.go:385.4,385.40 1 1
github.com/go-py/go-python/pkg/objects/object.go:387.18,388.73 1 1
github.com/go-py/go-python/pkg/objects/object.go:388.73,390.28 2 1
github.com/go-py/go-python/pkg/objects/object.go:390.28,391.27 1 1
github.com/go-py/go-python/pkg/objects/object.go:391.27,393.6 1 1
github.com/go-py/go-python/pkg/objects/object.go:393.11,393.34 1 1
github.com/go-py/go-python/pkg/objects/object.go:393.34,395.6 1 1
github.com/go-py/go-python/pkg/objects/object.go:397.4,397.40 1 1
github.com/go-py/go-python/pkg/objects/object.go:399.16,400.71 1 1
github.com/go-py/go-python/pkg/objects/object.go:400.71,401.21 1 1
github.com/go-py/go-python/pkg/objects/object.go:401.21,403.5 1 1
github.com/go-py/go-python/pkg/objects/object.go:404.4,405.11 2 1
github.com/go-py/go-python/pkg/objects/object.go:405.11,407.5 1 0
github.com/go-py/go-python/pkg/objects/object.go:408.4,409.22 2 1
github.com/go-py/go-python/pkg/objects/object.go:409.22,410.40 1 0
github.com/go-py/go-python/pkg/objects/object.go:410.40,412.6 1 0
github.com/go-py/go-python/pkg/objects/object.go:414.4,416.19 3 1
github.com/go-py/go-python/pkg/objects/object.go:416.19,418.5 1 1
github.com/go-py/go-python/pkg/objects/object.go:419.4,422.107 4 1
github.com/go-py/go-python/pkg/objects/object.go:424.15,425.70 1 1
github.com/go-py/go-python/pkg/objects/object.go:425.70,426.21 1 1
github.com/go-py/go-python/pkg/objects/object.go:426.21,428.5 1 1
github.com/go-py/go-python/pkg/objects/object.go:429.4,430.11 2 1
github.com/go-py/go-python/pkg/objects/object.go:430.11,432.5 1 0
github.com/go-py/go-python/pkg/objects/object.go:433.4,434.22 2 1
github.com/go-py/go-python/pkg/objects/object.go:434.22,435.40 1 0
github.com/go-py/go-python/pkg/objects/object.go:435.40,437.6 1 0
github.com/go-py/go-python/pkg/objects/object.go:439.4,440.25 2 1
github.com/go-py/go-python/pkg/objects/object.go:440.25,442.5 1 0
github.com/go-py/go-python/pkg/objects/object.go:443.4,443.77 1 1
github.com/go-py/go-python/pkg/objects/object.go:445.15,446.70 1 1
github.com/go-py/go-python/pkg/objects/object.go:446.70,447.21 1 1
github.com/go-py/go-python/pkg/objects/object.go:447.21,449.5 1 1
github.com/go-py/go-python/pkg/objects/object.go:450.4,451.11 2 1
github.com/go-py/go-python/pkg/objects/object.go:451.11,453.5 1 0
github.com/go-py/go-python/pkg/objects/object.go:454.4,455.22 2 1
github.com/go-py/go-python/pkg/objects/object.go:455.22,456.40 1 0
github.com/go-py/go-python/pkg/objects/object.go:456.40,458.6 1 0
github.com/go-py/go-python/pkg/objects/object.go:460.4,461.25 2 1
github.com/go-py/go-python/pkg/objects/object.go:461.25,463.5 1 0
github.com/go-py/go-python/pkg/objects/object.go:464.4,464.77 1 1
github.com/go-py/go-python/pkg/objects/object.go:466.15,467.70 1 1
github.com/go-py/go-python/pkg/objects/object.go:467.70,468.21 1 1
github.com/go-py/go-python/pkg/objects/object.go:468.21,470.5 1 1
github.com/go-py/go-python/pkg/objects/object.go:471.4,472.11 2 1
github.com/go-py/go-python/pkg/objects/object.go:472.11,474.5 1 0
github.com/go-py/go-python/pkg/objects/object.go:475.4,476.25 2 1
github.com/go-py/go-python/pkg/objects/object.go:476.25,478.5 1 0
github.com/go-py/go-python/pkg/objects/object.go:479.4,481.56 3 1
github.com/go-py/go-python/pkg/objects/object.go:481.56,484.5 2 1
github.com/go-py/go-python/pkg/objects/object.go:485.4,485.75 1 1
github.com/go-py/go-python/pkg/objects/object.go:487.19,488.74 1 1
github.com/go-py/go-python/pkg/objects/object.go:488.74,489.21 1 1
github.com/go-py/go-python/pkg/objects/object.go:489.21,491.5 1 1
github.com/go-py/go-python/pkg/objects/object.go:492.4,493.11 2 1
github.com/go-py/go-python/pkg/objects/object.go:493.11,495.5 1 0
github.com/go-py/go-python/pkg/objects/object.go:496.4,497.17 2 1
github.com/go-py/go-python/pkg/objects/object.go:497.17,499.5 1 1
github.com/go-py/go-python/pkg/objects/object.go:500.4,504.6 1 1
github.com/go-py/go-python/pkg/objects/object.go:506.20,507.75 1 1
github.com/go-py/go-python/pkg/objects/object.go:507.75,508.21 1 1
github.com/go-py/go-python/pkg/objects/object.go:508.21,510.5 1 1
github.com/go-py/go-python/pkg/objects/object.go:511.4,512.11 2 1
github.com/go-py/go-python/pkg/objects/object.go:512.11,514.5 1 0
github.com/go-py/go-python/pkg/objects/object.go:515.4,516.17 2 1
github.com/go-py/go-python/pkg/objects/object.go:516.17,518.5 1 0
github.com/go-py/go-python/pkg/objects/object.go:519.4,523.6 1 1
github.com/go-py/go-python/pkg/objects/object.go:525.16,526.71 1 1
github.com/go-py/go-python/pkg/objects/object.go:526.71,528.22 2 1
github.com/go-py/go-python/pkg/objects/object.go:528.22,529.39 1 0
github.com/go-py/go-python/pkg/objects/object.go:529.39,531.6 1 0
github.com/go-py/go-python/pkg/objects/object.go:533.4,533.20 1 1
github.com/go-py/go-python/pkg/objects/object.go:534.25,535.42 1 1
github.com/go-py/go-python/pkg/objects/object.go:536.17,537.42 1 0
github.com/go-py/go-python/pkg/objects/object.go:538.12,539.42 1 0
github.com/go-py/go-python/pkg/objects/object.go:542.19,543.74 1 1
github.com/go-py/go-python/pkg/objects/object.go:543.74,544.30 1 1
github.com/go-py/go-python/pkg/objects/object.go:544.30,545.28 1 1
github.com/go-py/go-python/pkg/objects/object.go:545.28,547.6 1 0
github.com/go-py/go-python/pkg/objects/object.go:549.4,549.24 1 1
github.com/go-py/go-python/pkg/objects/object.go:549.24,551.5 1 1
github.com/go-py/go-python/pkg/objects/object.go:552.4,552.16 1 0
github.com/go-py/go-python/pkg/objects/object.go:554.19,555.74 1 1
github.com/go-py/go-python/pkg/objects/object.go:555.74,556.30 1 1
github.com/go-py/go-python/pkg/objects/object.go:556.30,557.29 1 1
github.com/go-py/go-python/pkg/objects/object.go:557.29,559.6 1 0
github.com/go-py/go-python/pkg/objects/object.go:561.4,561.24 1 1
github.com/go-py/go-python/pkg/objects/object.go:561.24,563.5 1 1
github.com/go-py/go-python/pkg/objects/object.go:564.4,564.16 1 0
github.com/go-py/go-python/pkg/objects/object.go:566.22,567.77 1 1
github.com/go-py/go-python/pkg/objects/object.go:567.77,568.25 1 1
github.com/go-py/go-python/pkg/objects/object.go:568.25,570.5 1 1
github.com/go-py/go-python/pkg/objects/object.go:571.4,572.54 2 1
github.com/go-py/go-python/pkg/objects/object.go:572.54,574.5 1 1
github.com/go-py/go-python/pkg/objects/object.go:575.4,575.32 1 1
github.com/go-py/go-python/pkg/objects/object.go:575.32,576.64 1 1
github.com/go-py/go-python/pkg/objects/object.go:576.64,578.6 1 0
github.com/go-py/go-python/pkg/objects/object.go:580.4,580.15 1 1
github.com/go-py/go-python/pkg/objects/object.go:582.21,583.76 1 1
github.com/go-py/go-python/pkg/objects/object.go:583.76,584.30 1 1
github.com/go-py/go-python/pkg/objects/object.go:584.30,585.28 1 1
github.com/go-py/go-python/pkg/objects/object.go:585.28,587.6 1 0
github.com/go-py/go-python/pkg/objects/object.go:589.4,589.15 1 1
github.com/go-py/go-python/pkg/objects/object.go:591.20,592.75 1 1
github.com/go-py/go-python/pkg/objects/object.go:592.75,594.22 2 1
github.com/go-py/go-python/pkg/objects/object.go:594.22,595.40 1 1
github.com/go-py/go-python/pkg/objects/object.go:595.40,597.6 1 1
github.com/go-py/go-python/pkg/objects/object.go:599.4,599.90 1 1
github.com/go-py/go-python/pkg/objects/object.go:601.19,602.74 1 1
github.com/go-py/go-python/pkg/objects/object.go:602.74,603.21 1 1
github.com/go-py/go-python/pkg/objects/object.go:603.21,605.5 1 1
github.com/go-py/go-python/pkg/objects/object.go:606.4,607.11 2 1
github.com/go-py/go-python/pkg/objects/object.go:607.11,609.5 1 0
github.com/go-py/go-python/pkg/objects/object.go:610.4,611.30 2 1
github.com/go-py/go-python/pkg/objects/object.go:611.30,612.61 1 1
github.com/go-py/go-python/pkg/objects/object.go:612.61,614.21 1 1
github.com/go-py/go-python/pkg/objects/object.go:614.21,615.15 1 0
github.com/go-py/go-python/pkg/objects/object.go:617.6,617.43 1 1
github.com/go-py/go-python/pkg/objects/object.go:617.43,619.7 1 1
github.com/go-py/go-python/pkg/objects/object.go:619.12,619.51 1 0
github.com/go-py/go-python/pkg/objects/object.go:619.51,621.7 1 0
github.com/go-py/go-python/pkg/objects/object.go:622.11,624.6 1 1
github.com/go-py/go-python/pkg/objects/object.go:626.4,626.41 1 1
github.com/go-py/go-python/pkg/objects/object.go:628.20,629.75 1 1
github.com/go-py/go-python/pkg/objects/object.go:629.75,630.21 1 1
github.com/go-py/go-python/pkg/objects/object.go:630.21,632.5 1 1
github.com/go-py/go-python/pkg/objects/object.go:633.4,634.11 2 1
github.com/go-py/go-python/pkg/objects/object.go:634.11,636.5 1 0
github.com/go-py/go-python/pkg/objects/object.go:638.4,639.8 2 1
github.com/go-py/go-python/pkg/objects/object.go:639.8,641.22 2 1
github.com/go-py/go-python/pkg/objects/object.go:641.22,642.11 1 1
github.com/go-py/go-python/pkg/objects/object.go:644.5,645.23 2 1
github.com/go-py/go-python/pkg/objects/object.go:645.23,646.11 1 0
github.com/go-py/go-python/pkg/objects/object.go:648.5,652.37 4 1
github.com/go-py/go-python/pkg/objects/object.go:652.37,653.49 1 1
github.com/go-py/go-python/pkg/objects/object.go:653.49,655.7 1 1
github.com/go-py/go-python/pkg/objects/object.go:655.12,657.7 1 0
github.com/go-py/go-python/pkg/objects/object.go:658.11,658.48 1 0
github.com/go-py/go-python/pkg/objects/object.go:658.48,659.37 1 0
github.com/go-py/go-python/pkg/objects/object.go:659.37,661.7 1 0
github.com/go-py/go-python/pkg/objects/object.go:661.12,663.7 1 0
github.com/go-py/go-python/pkg/objects/object.go:665.5,665.60 1 1
github.com/go-py/go-python/pkg/objects/object.go:667.4,667.33 1 1
github.com/go-py/go-python/pkg/objects/object.go:670.2,670.19 1 1
github.com/go-py/go-python/pkg/objects/object.go:677.35,679.2 1 1
github.com/go-py/go-python/pkg/objects/object.go:681.35,681.55 1 1
github.com/go-py/go-python/pkg/objects/object.go:682.35,682.83 1 1
github.com/go-py/go-python/pkg/objects/object.go:686.34,686.53 1 1
github.com/go-py/go-python/pkg/objects/object.go:687.34,687.51 1 1
github.com/go-py/go-python/pkg/objects/object.go:691.38,691.61 1 1
github.com/go-py/go-python/pkg/objects/object.go:692.38,692.59 1 1
github.com/go-py/go-python/pkg/objects/object.go:698.39,700.2 1 1
github.com/go-py/go-python/pkg/objects/object.go:706.41,708.2 1 1
github.com/go-py/go-python/pkg/objects/object.go:710.35,710.55 1 1
github.com/go-py/go-python/pkg/objects/object.go:711.34,713.32 2 1
github.com/go-py/go-python/pkg/objects/object.go:713.32,714.12 1 1
github.com/go-py/go-python/pkg/objects/object.go:714.12,716.4 1 1
github.com/go-py/go-python/pkg/objects/object.go:717.3,717.25 1 1
github.com/go-py/go-python/pkg/objects/object.go:719.2,720.15 2 1
github.com/go-py/go-python/pkg/objects/object.go:723.34,723.53 1 1
github.com/go-py/go-python/pkg/objects/object.go:724.33,726.32 2 1
github.com/go-py/go-python/pkg/objects/object.go:726.32,727.12 1 1
github.com/go-py/go-python/pkg/objects/object.go:727.12,729.4 1 1
github.com/go-py/go-python/pkg/objects/object.go:730.3,730.25 1 1
github.com/go-py/go-python/pkg/objects/object.go:732.2,733.15 2 1
github.com/go-py/go-python/pkg/objects/object.go:736.35,738.2 1 1
github.com/go-py/go-python/pkg/objects/object.go:740.36,742.2 1 1
github.com/go-py/go-python/pkg/objects/object.go:744.50,746.20 2 1
github.com/go-py/go-python/pkg/objects/object.go:746.20,748.14 2 1
github.com/go-py/go-python/pkg/objects/object.go:748.14,750.4 1 1
github.com/go-py/go-python/pkg/objects/object.go:753.2,753.39 1 1
github.com/go-py/go-python/pkg/objects/object.go:753.39,755.3 1 1
github.com/go-py/go-python/pkg/objects/object.go:757.2,759.17 3 1
github.com/go-py/go-python/pkg/objects/object.go:762.38,763.32 1 1
github.com/go-py/go-python/pkg/objects/object.go:763.32,764.21 1 1
github.com/go-py/go-python/pkg/objects/object.go:764.21,766.4 1 1
github.com/go-py/go-python/pkg/objects/object.go:768.2,768.11 1 1
github.com/go-py/go-python/pkg/objects/object.go:771.42,773.2 1 1
github.com/go-py/go-python/pkg/objects/object.go:775.46,776.15 1 1
github.com/go-py/go-python/pkg/objects/object.go:776.15,778.3 1 1
github.com/go-py/go-python/pkg/objects/object.go:779.2,779.15 1 1
github.com/go-py/go-python/pkg/objects/object.go:779.15,781.3 1 0
github.com/go-py/go-python/pkg/objects/object.go:782.2,782.29 1 1
github.com/go-py/go-python/pkg/objects/object.go:782.29,784.3 1 1
github.com/go-py/go-python/pkg/objects/object.go:786.2,786.90 1 1
github.com/go-py/go-python/pkg/objects/object.go:789.41,791.15 2 1
github.com/go-py/go-python/pkg/objects/object.go:791.15,793.3 1 1
github.com/go-py/go-python/pkg/objects/object.go:794.2,795.12 2 1
github.com/go-py/go-python/pkg/objects/object.go:798.26,799.59 1 1
github.com/go-py/go-python/pkg/objects/object.go:799.59,801.3 1 1
github.com/go-py/go-python/pkg/objects/object.go:804.27,806.2 1 1
github.com/go-py/go-python/pkg/objects/object.go:808.24,810.2 1 1
github.com/go-py/go-python/pkg/objects/object.go:812.52,813.14 1 1
github.com/go-py/go-python/pkg/objects/object.go:814.14,817.36 1 1
github.com/go-py/go-python/pkg/objects/object.go:817.36,820.23 3 1
github.com/go-py/go-python/pkg/objects/object.go:820.23,821.41 1 1
github.com/go-py/go-python/pkg/objects/object.go:821.41,823.7 1 1
github.com/go-py/go-python/pkg/objects/object.go:823.12,823.46 1 0
github.com/go-py/go-python/pkg/objects/object.go:823.46,825.7 1 0
github.com/go-py/go-python/pkg/objects/object.go:827.5,827.23 1 1
github.com/go-py/go-python/pkg/objects/object.go:827.23,828.41 1 0
github.com/go-py/go-python/pkg/objects/object.go:828.41,830.7 1 0
github.com/go-py/go-python/pkg/objects/object.go:832.5,832.54 1 1
github.com/go-py/go-python/pkg/objects/object.go:832.54,834.22 2 1
github.com/go-py/go-python/pkg/objects/object.go:834.22,837.7 2 0
github.com/go-py/go-python/pkg/objects/object.go:837.12,840.7 2 1
github.com/go-py/go-python/pkg/objects/object.go:841.6,842.17 2 1
github.com/go-py/go-python/pkg/objects/object.go:842.17,844.7 1 1
github.com/go-py/go-python/pkg/objects/object.go:845.6,845.20 1 1
github.com/go-py/go-python/pkg/objects/object.go:847.5,847.17 1 1
github.com/go-py/go-python/pkg/objects/object.go:850.18,853.36 1 1
github.com/go-py/go-python/pkg/objects/object.go:853.36,855.12 2 1
github.com/go-py/go-python/pkg/objects/object.go:855.12,857.6 1 1
github.com/go-py/go-python/pkg/objects/object.go:858.5,858.21 1 1
github.com/go-py/go-python/pkg/objects/object.go:858.21,861.6 2 0
github.com/go-py/go-python/pkg/objects/object.go:862.5,864.41 3 1
github.com/go-py/go-python/pkg/objects/object.go:864.41,866.6 1 1
github.com/go-py/go-python/pkg/objects/object.go:867.5,867.13 1 1
github.com/go-py/go-python/pkg/objects/object.go:870.18,873.36 1 1
github.com/go-py/go-python/pkg/objects/object.go:873.36,874.36 1 1
github.com/go-py/go-python/pkg/objects/object.go:875.16,876.56 1 1
github.com/go-py/go-python/pkg/objects/object.go:877.13,878.72 1 1
github.com/go-py/go-python/pkg/objects/object.go:880.5,880.13 1 1
github.com/go-py/go-python/pkg/objects/object.go:884.2,884.19 1 1
github.com/go-py/go-python/pkg/objects/object.go:887.45,888.23 1 1
github.com/go-py/go-python/pkg/objects/object.go:889.16,890.35 1 1
github.com/go-py/go-python/pkg/objects/object.go:890.35,891.28 1 1
github.com/go-py/go-python/pkg/objects/object.go:891.28,893.5 1 1
github.com/go-py/go-python/pkg/objects/object.go:894.4,894.28 1 1
github.com/go-py/go-python/pkg/objects/object.go:894.28,896.5 1 1
github.com/go-py/go-python/pkg/objects/object.go:897.4,897.12 1 1
github.com/go-py/go-python/pkg/objects/object.go:899.14,900.35 1 1
github.com/go-py/go-python/pkg/objects/object.go:900.35,901.30 1 1
github.com/go-py/go-python/pkg/objects/object.go:901.30,903.5 1 1
github.com/go-py/go-python/pkg/objects/object.go:904.4,904.30 1 0
github.com/go-py/go-python/pkg/objects/object.go:904.30,906.5 1 0
github.com/go-py/go-python/pkg/objects/object.go:907.4,907.12 1 0
github.com/go-py/go-python/pkg/objects/object.go:909.15,910.34 1 1
github.com/go-py/go-python/pkg/objects/object.go:910.34,911.28 1 1
github.com/go-py/go-python/pkg/objects/object.go:911.28,913.5 1 1
github.com/go-py/go-python/pkg/objects/object.go:914.4,914.28 1 0
github.com/go-py/go-python/pkg/objects/object.go:914.28,916.5 1 0
github.com/go-py/go-python/pkg/objects/object.go:917.4,917.12 1 0
github.com/go-py/go-python/pkg/objects/object.go:919.16,921.14 2 1
github.com/go-py/go-python/pkg/objects/object.go:921.14,923.4 1 0
github.com/go-py/go-python/pkg/objects/object.go:924.3,924.36 1 1
github.com/go-py/go-python/pkg/objects/object.go:924.36,926.19 2 1
github.com/go-py/go-python/pkg/objects/object.go:926.19,928.5 1 1
github.com/go-py/go-python/pkg/objects/object.go:929.4,929.19 1 1
github.com/go-py/go-python/pkg/objects/object.go:929.19,931.5 1 1
github.com/go-py/go-python/pkg/objects/object.go:932.4,932.19 1 0
github.com/go-py/go-python/pkg/objects/object.go:932.19,934.5 1 0
github.com/go-py/go-python/pkg/objects/object.go:935.4,935.12 1 0
github.com/go-py/go-python/pkg/objects/object.go:938.2,938.10 1 0
github.com/go-py/go-python/pkg/objects/object.go:946.20,951.2 1 1
github.com/go-py/go-python/pkg/objects/object.go:953.33,953.51 1 1
github.com/go-py/go-python/pkg/objects/object.go:954.32,957.32 3 0
github.com/go-py/go-python/pkg/objects/object.go:957.32,958.13 1 0
github.com/go-py/go-python/pkg/objects/object.go:958.13,960.4 1 0
github.com/go-py/go-python/pkg/objects/object.go:961.3,962.25 2 0
github.com/go-py/go-python/pkg/objects/object.go:964.2,965.15 2 0
github.com/go-py/go-python/pkg/objects/object.go:968.42,969.25 1 1
github.com/go-py/go-python/pkg/objects/object.go:970.16,971.40 1 1
github.com/go-py/go-python/pkg/objects/object.go:972.14,973.42 1 1
github.com/go-py/go-python/pkg/objects/object.go:974.16,975.41 1 1
github.com/go-py/go-python/pkg/objects/object.go:976.15,977.40 1 1
github.com/go-py/go-python/pkg/objects/object.go:978.10,979.36 1 0
github.com/go-py/go-python/pkg/objects/object.go:983.31,987.2 3 1
github.com/go-py/go-python/pkg/objects/object.go:989.41,993.2 3 1
github.com/go-py/go-python/pkg/objects/object.go:995.34,999.2 3 1
github.com/go-py/go-python/pkg/objects/object.go:1001.26,1003.2 1 1
github.com/go-py/go-python/pkg/objects/object.go:1006.38,1008.34 2 1
github.com/go-py/go-python/pkg/objects/object.go:1008.34,1010.3 1 1
github.com/go-py/go-python/pkg/objects/object.go:1011.2,1011.38 1 1
github.com/go-py/go-python/pkg/objects/object.go:1011.38,1013.3 1 1
github.com/go-py/go-python/pkg/objects/object.go:1014.2,1014.15 1 1
github.com/go-py/go-python/pkg/objects/object.go:1018.45,1020.34 2 1
github.com/go-py/go-python/pkg/objects/object.go:1020.34,1021.27 1 1
github.com/go-py/go-python/pkg/objects/object.go:1021.27,1023.4 1 1
github.com/go-py/go-python/pkg/objects/object.go:1025.2,1025.15 1 1
github.com/go-py/go-python/pkg/objects/object.go:1029.43,1031.34 2 1
github.com/go-py/go-python/pkg/objects/object.go:1031.34,1032.28 1 1
github.com/go-py/go-python/pkg/objects/object.go:1032.28,1034.4 1 1
github.com/go-py/go-python/pkg/objects/object.go:1036.2,1036.15 1 1
github.com/go-py/go-python/pkg/objects/object.go:1040.52,1042.34 2 1
github.com/go-py/go-python/pkg/objects/object.go:1042.34,1043.28 1 1
github.com/go-py/go-python/pkg/objects/object.go:1043.28,1045.4 1 1
github.com/go-py/go-python/pkg/objects/object.go:1047.2,1047.38 1 1
github.com/go-py/go-python/pkg/objects/object.go:1047.38,1048.24 1 1
github.com/go-py/go-python/pkg/objects/object.go:1048.24,1050.4 1 1
github.com/go-py/go-python/pkg/objects/object.go:1052.2,1052.15 1 1
github.com/go-py/go-python/pkg/objects/object.go:1055.34,1057.31 2 1
github.com/go-py/go-python/pkg/objects/object.go:1057.31,1059.3 1 1
github.com/go-py/go-python/pkg/objects/object.go:1060.2,1060.14 1 1
github.com/go-py/go-python/pkg/objects/object.go:1063.51,1064.14 1 1
github.com/go-py/go-python/pkg/objects/object.go:1065.15,1068.36 1 1
github.com/go-py/go-python/pkg/objects/object.go:1068.36,1070.34 2 1
github.com/go-py/go-python/pkg/objects/object.go:1070.34,1073.6 2 1
github.com/go-py/go-python/pkg/objects/object.go:1074.5,1074.30 1 1
github.com/go-py/go-python/pkg/objects/object.go:1074.30,1075.33 1 1
github.com/go-py/go-python/pkg/objects/object.go:1076.16,1077.40 1 1
github.com/go-py/go-python/pkg/objects/object.go:1077.40,1080.8 2 1
github.com/go-py/go-python/pkg/objects/object.go:1081.17,1082.43 1 0
github.com/go-py/go-python/pkg/objects/object.go:1082.43,1084.8 1 0
github.com/go-py/go-python/pkg/objects/object.go:1085.18,1086.43 1 0
github.com/go-py/go-python/pkg/objects/object.go:1086.43,1088.8 1 0
github.com/go-py/go-python/pkg/objects/object.go:1091.5,1091.18 1 1
github.com/go-py/go-python/pkg/objects/object.go:1094.22,1097.36 1 1
github.com/go-py/go-python/pkg/objects/object.go:1097.36,1099.23 2 1
github.com/go-py/go-python/pkg/objects/object.go:1099.23,1101.6 1 0
github.com/go-py/go-python/pkg/objects/object.go:1102.5,1103.12 2 1
github.com/go-py/go-python/pkg/objects/object.go:1103.12,1105.6 1 1
github.com/go-py/go-python/pkg/objects/object.go:1106.5,1106.34 1 1
github.com/go-py/go-python/pkg/objects/object.go:1106.34,1107.40 1 1
github.com/go-py/go-python/pkg/objects/object.go:1107.40,1110.7 2 1
github.com/go-py/go-python/pkg/objects/object.go:1112.5,1112.18 1 1
github.com/go-py/go-python/pkg/objects/object.go:1115.20,1118.36 1 1
github.com/go-py/go-python/pkg/objects/object.go:1118.36,1121.12 3 1
github.com/go-py/go-python/pkg/objects/object.go:1121.12,1123.6 1 1
github.com/go-py/go-python/pkg/objects/object.go:1124.5,1124.34 1 1
github.com/go-py/go-python/pkg/objects/object.go:1124.34,1125.41 1 1
github.com/go-py/go-python/pkg/objects/object.go:1125.41,1128.7 2 1
github.com/go-py/go-python/pkg/objects/object.go:1130.5,1130.18 1 1
github.com/go-py/go-python/pkg/objects/object.go:1133.30,1136.36 1 1
github.com/go-py/go-python/pkg/objects/object.go:1136.36,1139.12 3 1
github.com/go-py/go-python/pkg/objects/object.go:1139.12,1141.6 1 1
github.com/go-py/go-python/pkg/objects/object.go:1142.5,1142.34 1 1
github.com/go-py/go-python/pkg/objects/object.go:1142.34,1143.41 1 1
github.com/go-py/go-python/pkg/objects/object.go:1143.41,1146.7 2 1
github.com/go-py/go-python/pkg/objects/object.go:1148.5,1148.38 1 1
github.com/go-py/go-python/pkg/objects/object.go:1148.38,1149.37 1 1
github.com/go-py/go-python/pkg/objects/object.go:1149.37,1152.7 2 1
github.com/go-py/go-python/pkg/objects/object.go:1154.5,1154.18 1 1
github.com/go-py/go-python/pkg/objects/object.go:1157.18,1160.36 1 1
github.com/go-py/go-python/pkg/objects/object.go:1160.36,1162.12 2 1
github.com/go-py/go-python/pkg/objects/object.go:1162.12,1164.6 1 1
github.com/go-py/go-python/pkg/objects/object.go:1165.5,1165.31 1 1
github.com/go-py/go-python/pkg/objects/object.go:1165.31,1166.41 1 1
github.com/go-py/go-python/pkg/objects/object.go:1166.41,1168.7 1 0
github.com/go-py/go-python/pkg/objects/object.go:1170.5,1170.16 1 1
github.com/go-py/go-python/pkg/objects/object.go:1173.20,1176.36 1 1
github.com/go-py/go-python/pkg/objects/object.go:1176.36,1178.12 2 1
github.com/go-py/go-python/pkg/objects/object.go:1178.12,1180.6 1 1
github.com/go-py/go-python/pkg/objects/object.go:1181.5,1181.35 1 1
github.com/go-py/go-python/pkg/objects/object.go:1181.35,1182.37 1 1
github.com/go-py/go-python/pkg/objects/object.go:1182.37,1184.7 1 0
github.com/go-py/go-python/pkg/objects/object.go:1186.5,1186.16 1 1
github.com/go-py/go-python/pkg/objects/object.go:1189.16,1192.36 1 1
github.com/go-py/go-python/pkg/objects/object.go:1192.36,1193.30 1 1
github.com/go-py/go-python/pkg/objects/object.go:1193.30,1194.33 1 1
github.com/go-py/go-python/pkg/objects/object.go:1195.16,1196.40 1 1
github.com/go-py/go-python/pkg/objects/object.go:1196.40,1199.8 2 1
github.com/go-py/go-python/pkg/objects/object.go:1200.17,1201.43 1 0
github.com/go-py/go-python/pkg/objects/object.go:1201.43,1203.8 1 0
github.com/go-py/go-python/pkg/objects/object.go:1206.5,1206.17 1 1
github.com/go-py/go-python/pkg/objects/object.go:1209.14,1212.36 1 1
github.com/go-py/go-python/pkg/objects/object.go:1212.36,1214.34 2 1
github.com/go-py/go-python/pkg/objects/object.go:1214.34,1217.6 2 1
github.com/go-py/go-python/pkg/objects/object.go:1218.5,1218.18 1 1
github.com/go-py/go-python/pkg/objects/object.go:1221.18,1224.36 1 1
github.com/go-py/go-python/pkg/objects/object.go:1224.36,1226.12 2 1
github.com/go-py/go-python/pkg/objects/object.go:1226.12,1228.6 1 1
github.com/go-py/go-python/pkg/objects/object.go:1229.5,1229.35 1 1
github.com/go-py/go-python/pkg/objects/object.go:1229.35,1232.6 2 1
github.com/go-py/go-python/pkg/objects/object.go:1233.5,1233.13 1 1
github.com/go-py/go-python/pkg/objects/object.go:1236.27,1239.36 1 1
github.com/go-py/go-python/pkg/objects/object.go:1239.36,1240.30 1 1
github.com/go-py/go-python/pkg/objects/object.go:1240.30,1241.33 1 1
github.com/go-py/go-python/pkg/objects/object.go:1242.16,1243.37 1 1
github.com/go-py/go-python/pkg/objects/object.go:1243.37,1246.8 2 1
github.com/go-py/go-python/pkg/objects/object.go:1247.17,1248.43 1 0
github.com/go-py/go-python/pkg/objects/object.go:1248.43,1252.8 3 0
github.com/go-py/go-python/pkg/objects/object.go:1253.18,1254.43 1 0
github.com/go-py/go-python/pkg/objects/object.go:1254.43,1258.8 3 0
github.com/go-py/go-python/pkg/objects/object.go:1259.14,1260.69 1 1
github.com/go-py/go-python/pkg/objects/object.go:1263.5,1263.17 1 1
github.com/go-py/go-python/pkg/objects/object.go:1266.17,1269.36 1 1
github.com/go-py/go-python/pkg/objects/object.go:1269.36,1270.36 1 1
github.com/go-py/go-python/pkg/objects/object.go:1271.15,1272.39 1 1
github.com/go-py/go-python/pkg/objects/object.go:1272.39,1275.7 2 1
github.com/go-py/go-python/pkg/objects/object.go:1276.16,1277.42 1 0
github.com/go-py/go-python/pkg/objects/object.go:1277.42,1279.7 1 0
github.com/go-py/go-python/pkg/objects/object.go:1280.17,1281.42 1 0
github.com/go-py/go-python/pkg/objects/object.go:1281.42,1283.7 1 0
github.com/go-py/go-python/pkg/objects/object.go:1284.13,1285.95 1 1
github.com/go-py/go-python/pkg/objects/object.go:1287.5,1287.13 1 1
github.com/go-py/go-python/pkg/objects/object.go:1290.18,1293.36 1 1
github.com/go-py/go-python/pkg/objects/object.go:1293.36,1295.12 2 1
github.com/go-py/go-python/pkg/objects/object.go:1295.12,1297.6 1 1
github.com/go-py/go-python/pkg/objects/object.go:1298.5,1298.31 1 1
github.com/go-py/go-python/pkg/objects/object.go:1298.31,1299.41 1 1
github.com/go-py/go-python/pkg/objects/object.go:1299.41,1302.7 2 1
github.com/go-py/go-python/pkg/objects/object.go:1304.5,1304.13 1 1
github.com/go-py/go-python/pkg/objects/object.go:1307.18,1310.36 1 1
github.com/go-py/go-python/pkg/objects/object.go:1310.36,1312.12 2 1
github.com/go-py/go-python/pkg/objects/object.go:1312.12,1314.6 1 1
github.com/go-py/go-python/pkg/objects/object.go:1316.5,1316.38 1 1
github.com/go-py/go-python/pkg/objects/object.go:1316.38,1317.44 1 1
github.com/go-py/go-python/pkg/objects/object.go:1317.44,1320.7 2 1
github.com/go-py/go-python/pkg/objects/object.go:1320.12,1323.7 2 1
github.com/go-py/go-python/pkg/objects/object.go:1325.5,1325.13 1 1
github.com/go-py/go-python/pkg/objects/object.go:1329.2,1329.19 1 1
github.com/go-py/go-python/pkg/objects/object.go:1338.22,1344.2 1 1
github.com/go-py/go-python/pkg/objects/object.go:1346.39,1352.2 1 1
github.com/go-py/go-python/pkg/objects/object.go:1354.34,1354.53 1 1
github.com/go-py/go-python/pkg/objects/object.go:1355.33,1358.36 3 0
github.com/go-py/go-python/pkg/objects/object.go:1358.36,1359.13 1 0
github.com/go-py/go-python/pkg/objects/object.go:1359.13,1361.4 1 0
github.com/go-py/go-python/pkg/objects/object.go:1362.3,1365.66 4 0
github.com/go-py/go-python/pkg/objects/object.go:1367.2,1368.15 2 0
github.com/go-py/go-python/pkg/objects/object.go:1371.43,1372.25 1 1
github.com/go-py/go-python/pkg/objects/object.go:1373.16,1374.40 1 1
github.com/go-py/go-python/pkg/objects/object.go:1375.14,1376.42 1 0
github.com/go-py/go-python/pkg/objects/object.go:1377.16,1378.41 1 0
github.com/go-py/go-python/pkg/objects/object.go:1379.15,1380.40 1 1
github.com/go-py/go-python/pkg/objects/object.go:1381.10,1382.36 1 0
github.com/go-py/go-python/pkg/objects/object.go:1386.47,1390.2 3 1
github.com/go-py/go-python/pkg/objects/object.go:1392.39,1394.43 2 1
github.com/go-py/go-python/pkg/objects/object.go:1394.43,1396.3 1 1
github.com/go-py/go-python/pkg/objects/object.go:1397.2,1398.22 2 1
github.com/go-py/go-python/pkg/objects/object.go:1401.37,1405.2 3 1
github.com/go-py/go-python/pkg/objects/object.go:1407.35,1409.42 2 1
github.com/go-py/go-python/pkg/objects/object.go:1409.42,1412.32 3 1
github.com/go-py/go-python/pkg/objects/object.go:1412.32,1413.19 1 1
github.com/go-py/go-python/pkg/objects/object.go:1413.19,1415.10 2 1
github.com/go-py/go-python/pkg/objects/object.go:1421.27,1423.2 1 1
github.com/go-py/go-python/pkg/objects/object.go:1425.37,1427.29 2 1
github.com/go-py/go-python/pkg/objects/object.go:1427.29,1429.3 1 1
github.com/go-py/go-python/pkg/objects/object.go:1430.2,1430.13 1 1
github.com/go-py/go-python/pkg/objects/object.go:1433.39,1435.33 2 1
github.com/go-py/go-python/pkg/objects/object.go:1435.33,1437.3 1 1
github.com/go-py/go-python/pkg/objects/object.go:1438.2,1438.15 1 1
github.com/go-py/go-python/pkg/objects/object.go:1441.52,1442.14 1 1
github.com/go-py/go-python/pkg/objects/object.go:1443.18,1446.36 1 1
github.com/go-py/go-python/pkg/objects/object.go:1446.36,1447.22 1 1
github.com/go-py/go-python/pkg/objects/object.go:1447.22,1449.6 1 1
github.com/go-py/go-python/pkg/objects/object.go:1450.5,1451.35 2 1
github.com/go-py/go-python/pkg/objects/object.go:1452.16,1453.26 1 1
github.com/go-py/go-python/pkg/objects/object.go:1454.17,1455.26 1 0
github.com/go-py/go-python/pkg/objects/object.go:1456.15,1457.27 1 0
github.com/go-py/go-python/pkg/objects/object.go:1458.13,1459.72 1 0
github.com/go-py/go-python/pkg/objects/object.go:1461.5,1462.23 2 1
github.com/go-py/go-python/pkg/objects/object.go:1462.23,1464.6 1 0
github.com/go-py/go-python/pkg/objects/object.go:1465.5,1466.30 2 1
github.com/go-py/go-python/pkg/objects/object.go:1466.30,1468.6 1 1
github.com/go-py/go-python/pkg/objects/object.go:1469.5,1469.18 1 1
github.com/go-py/go-python/pkg/objects/object.go:1472.16,1475.36 1 1
github.com/go-py/go-python/pkg/objects/object.go:1475.36,1477.23 1 1
github.com/go-py/go-python/pkg/objects/object.go:1477.23,1478.37 1 1
github.com/go-py/go-python/pkg/objects/object.go:1479.17,1480.45 1 1
github.com/go-py/go-python/pkg/objects/object.go:1480.45,1484.8 3 1
github.com/go-py/go-python/pkg/objects/object.go:1485.17,1486.43 1 0
github.com/go-py/go-python/pkg/objects/object.go:1486.43,1487.68 1 0
github.com/go-py/go-python/pkg/objects/object.go:1487.68,1489.9 1 0
github.com/go-py/go-python/pkg/objects/object.go:1491.18,1492.43 1 0
github.com/go-py/go-python/pkg/objects/object.go:1492.43,1493.68 1 0
github.com/go-py/go-python/pkg/objects/object.go:1493.68,1495.9 1 0
github.com/go-py/go-python/pkg/objects/object.go:1500.5,1500.23 1 1
github.com/go-py/go-python/pkg/objects/object.go:1500.23,1501.53 1 0
github.com/go-py/go-python/pkg/objects/object.go:1501.53,1502.46 1 0
github.com/go-py/go-python/pkg/objects/object.go:1502.46,1506.8 3 0
github.com/go-py/go-python/pkg/objects/object.go:1509.5,1509.17 1 1
github.com/go-py/go-python/pkg/objects/object.go:1512.20,1515.36 1 1
github.com/go-py/go-python/pkg/objects/object.go:1515.36,1516.22 1 1
github.com/go-py/go-python/pkg/objects/object.go:1516.22,1518.6 1 1
github.com/go-py/go-python/pkg/objects/object.go:1519.5,1519.38 1 1
github.com/go-py/go-python/pkg/objects/object.go:1519.38,1521.6 1 1
github.com/go-py/go-python/pkg/objects/object.go:1522.5,1523.23 2 1
github.com/go-py/go-python/pkg/objects/object.go:1523.23,1525.6 1 1
github.com/go-py/go-python/pkg/objects/object.go:1526.5,1527.22 2 1
github.com/go-py/go-python/pkg/objects/object.go:1530.17,1533.36 1 1
github.com/go-py/go-python/pkg/objects/object.go:1533.36,1534.29 1 1
github.com/go-py/go-python/pkg/objects/object.go:1534.29,1536.6 1 1
github.com/go-py/go-python/pkg/objects/object.go:1537.5,1541.48 5 1
github.com/go-py/go-python/pkg/objects/object.go:1544.13,1547.36 1 1
github.com/go-py/go-python/pkg/objects/object.go:1547.36,1548.22 1 1
github.com/go-py/go-python/pkg/objects/object.go:1548.22,1550.6 1 1
github.com/go-py/go-python/pkg/objects/object.go:1551.5,1551.38 1 1
github.com/go-py/go-python/pkg/objects/object.go:1551.38,1554.6 2 1
github.com/go-py/go-python/pkg/objects/object.go:1555.5,1555.23 1 0
github.com/go-py/go-python/pkg/objects/object.go:1555.23,1557.6 1 0
github.com/go-py/go-python/pkg/objects/object.go:1558.5,1558.48 1 0
github.com/go-py/go-python/pkg/objects/object.go:1561.13,1564.36 1 1
github.com/go-py/go-python/pkg/objects/object.go:1564.36,1565.22 1 1
github.com/go-py/go-python/pkg/objects/object.go:1565.22,1567.6 1 1
github.com/go-py/go-python/pkg/objects/object.go:1568.5,1569.23 2 1
github.com/go-py/go-python/pkg/objects/object.go:1569.23,1571.6 1 1
github.com/go-py/go-python/pkg/objects/object.go:1572.5,1572.38 1 1
github.com/go-py/go-python/pkg/objects/object.go:1572.38,1574.6 1 1
github.com/go-py/go-python/pkg/objects/object.go:1575.5,1575.22 1 1
github.com/go-py/go-python/pkg/objects/object.go:1578.15,1581.36 1 1
github.com/go-py/go-python/pkg/objects/object.go:1581.36,1586.5 4 1
github.com/go-py/go-python/pkg/objects/object.go:1588.14,1591.36 1 1
github.com/go-py/go-python/pkg/objects/object.go:1591.36,1593.39 2 1
github.com/go-py/go-python/pkg/objects/object.go:1593.39,1597.6 3 1
github.com/go-py/go-python/pkg/objects/object.go:1598.5,1598.19 1 1
github.com/go-py/go-python/pkg/objects/object.go:1601.14,1604.36 1 1
github.com/go-py/go-python/pkg/objects/object.go:1604.36,1606.5 1 1
github.com/go-py/go-python/pkg/objects/object.go:1608.16,1611.36 1 1
github.com/go-py/go-python/pkg/objects/object.go:1611.36,1613.5 1 1
github.com/go-py/go-python/pkg/objects/object.go:1615.15,1618.36 1 1
github.com/go-py/go-python/pkg/objects/object.go:1618.36,1620.5 1 1
github.com/go-py/go-python/pkg/objects/object.go:1623.2,1623.19 1 1
github.com/go-py/go-python/pkg/objects/object.go:1631.37,1633.2 1 1
github.com/go-py/go-python/pkg/objects/object.go:1635.39,1635.63 1 1
github.com/go-py/go-python/pkg/objects/object.go:1636.38,1638.42 2 1
github.com/go-py/go-python/pkg/objects/object.go:1638.42,1641.3 2 1
github.com/go-py/go-python/pkg/objects/object.go:1642.2,1642.69 1 1
github.com/go-py/go-python/pkg/objects/object.go:1645.33,1647.2 1 1
github.com/go-py/go-python/pkg/objects/object.go:1649.39,1651.42 2 0
github.com/go-py/go-python/pkg/objects/object.go:1651.42,1653.3 1 0
github.com/go-py/go-python/pkg/objects/object.go:1654.2,1654.13 1 0
github.com/go-py/go-python/pkg/objects/object.go:1657.57,1659.15 2 1
github.com/go-py/go-python/pkg/objects/object.go:1659.15,1661.3 1 1
github.com/go-py/go-python/pkg/objects/object.go:1662.2,1662.34 1 1
github.com/go-py/go-python/pkg/objects/object.go:1662.34,1664.3 1 1
github.com/go-py/go-python/pkg/objects/object.go:1665.2,1666.35 2 1
github.com/go-py/go-python/pkg/objects/object.go:1674.41,1676.2 1 1
github.com/go-py/go-python/pkg/objects/object.go:1678.41,1678.67 1 1
github.com/go-py/go-python/pkg/objects/object.go:1679.40,1681.42 2 0
github.com/go-py/go-python/pkg/objects/object.go:1681.42,1684.3 2 0
github.com/go-py/go-python/pkg/objects/object.go:1685.2,1685.71 1 0
github.com/go-py/go-python/pkg/objects/object.go:1688.35,1690.2 1 1
github.com/go-py/go-python/pkg/objects/object.go:1692.41,1694.42 2 0
github.com/go-py/go-python/pkg/objects/object.go:1694.42,1696.3 1 0
github.com/go-py/go-python/pkg/objects/object.go:1697.2,1697.15 1 0
github.com/go-py/go-python/pkg/objects/object.go:1700.59,1702.15 2 1
github.com/go-py/go-python/pkg/objects/object.go:1702.15,1704.3 1 0
github.com/go-py/go-python/pkg/objects/object.go:1705.2,1705.34 1 1
github.com/go-py/go-python/pkg/objects/object.go:1705.34,1707.3 1 0
github.com/go-py/go-python/pkg/objects/object.go:1708.2,1709.36 2 1
github.com/go-py/go-python/pkg/objects/object.go:1717.39,1719.2 1 1
github.com/go-py/go-python/pkg/objects/object.go:1721.40,1721.65 1 1
github.com/go-py/go-python/pkg/objects/object.go:1722.39,1724.42 2 0
github.com/go-py/go-python/pkg/objects/object.go:1724.42,1728.3 3 0
github.com/go-py/go-python/pkg/objects/object.go:1729.2,1729.70 1 0
github.com/go-py/go-python/pkg/objects/object.go:1732.34,1734.2 1 1
github.com/go-py/go-python/pkg/objects/object.go:1736.40,1738.42 2 0
github.com/go-py/go-python/pkg/objects/object.go:1738.42,1742.3 3 0
github.com/go-py/go-python/pkg/objects/object.go:1743.2,1743.14 1 0
github.com/go-py/go-python/pkg/objects/object.go:1746.58,1748.15 2 1
github.com/go-py/go-python/pkg/objects/object.go:1748.15,1750.3 1 0
github.com/go-py/go-python/pkg/objects/object.go:1751.2,1751.34 1 1
github.com/go-py/go-python/pkg/objects/object.go:1751.34,1753.3 1 0
github.com/go-py/go-python/pkg/objects/object.go:1754.2,1757.51 4 1
github.com/go-py/go-python/pkg/objects/object.go:1765.35,1765.55 1 1
github.com/go-py/go-python/pkg/objects/object.go:1766.34,1766.75 1 1
github.com/go-py/go-python/pkg/objects/object.go:1767.34,1767.75 1 1
github.com/go-py/go-python/pkg/objects/object.go:1774.45,1774.75 1 1
github.com/go-py/go-python/pkg/objects/object.go:1775.44,1777.36 2 1
github.com/go-py/go-python/pkg/objects/object.go:1777.36,1779.3 1 1
github.com/go-py/go-python/pkg/objects/object.go:1780.2,1780.87 1 1
github.com/go-py/go-python/pkg/objects/object.go:1790.40,1792.2 1 1
github.com/go-py/go-python/pkg/objects/object.go:1794.44,1794.73 1 1
github.com/go-py/go-python/pkg/objects/object.go:1795.44,1795.73 1 1
github.com/go-py/go-python/pkg/objects/object.go:1797.62,1798.14 1 1
github.com/go-py/go-python/pkg/objects/object.go:1799.16,1802.36 1 1
github.com/go-py/go-python/pkg/objects/object.go:1802.36,1803.22 1 1
github.com/go-py/go-python/pkg/objects/object.go:1803.22,1805.6 1 0
github.com/go-py/go-python/pkg/objects/object.go:1806.5,1806.30 1 1
github.com/go-py/go-python/pkg/objects/object.go:1806.30,1808.38 2 1
github.com/go-py/go-python/pkg/objects/object.go:1808.38,1810.7 1 1
github.com/go-py/go-python/pkg/objects/object.go:1810.12,1812.7 1 0
github.com/go-py/go-python/pkg/objects/object.go:1813.6,1813.31 1 1
github.com/go-py/go-python/pkg/objects/object.go:1815.5,1815.17 1 1
github.com/go-py/go-python/pkg/objects/object.go:1818.15,1821.36 1 1
github.com/go-py/go-python/pkg/objects/object.go:1821.36,1823.5 1 1
github.com/go-py/go-python/pkg/objects/object.go:1825.17,1828.36 1 1
github.com/go-py/go-python/pkg/objects/object.go:1828.36,1830.5 1 1
github.com/go-py/go-python/pkg/objects/object.go:1833.2,1833.19 1 1
github.com/go-py/go-python/pkg/objects/object.go:1841.37,1841.59 1 1
github.com/go-py/go-python/pkg/objects/object.go:1842.37,1843.18 1 1
github.com/go-py/go-python/pkg/objects/object.go:1843.18,1845.3 1 1
github.com/go-py/go-python/pkg/objects/object.go:1846.2,1846.27 1 1
github.com/go-py/go-python/pkg/objects/object.go:1854.45,1854.67 1 1
github.com/go-py/go-python/pkg/objects/object.go:1855.45,1855.73 1 1
github.com/go-py/go-python/pkg/objects/object.go:1868.39,1868.63 1 1
github.com/go-py/go-python/pkg/objects/object.go:1869.39,1869.81 1 1
github.com/go-py/go-python/pkg/objects/object.go:1883.35,1883.55 1 1
github.com/go-py/go-python/pkg/objects/object.go:1884.35,1884.73 1 1
github.com/go-py/go-python/pkg/objects/object.go:1893.36,1893.57 1 1
github.com/go-py/go-python/pkg/objects/object.go:1894.35,1895.12 1 1
github.com/go-py/go-python/pkg/objects/object.go:1895.12,1896.21 1 1
github.com/go-py/go-python/pkg/objects/object.go:1896.21,1898.4 1 1
github.com/go-py/go-python/pkg/objects/object.go:1899.3,1899.63 1 1
github.com/go-py/go-python/pkg/objects/object.go:1901.2,1901.26 1 1
github.com/go-py/go-python/pkg/objects/object.go:1920.37,1920.60 1 1
github.com/go-py/go-python/pkg/objects/object.go:1921.37,1921.57 1 1
github.com/go-py/go-python/pkg/objects/object.go:1934.35,1934.55 1 1
github.com/go-py/go-python/pkg/objects/object.go:1935.35,1935.79 1 1
github.com/go-py/go-python/pkg/objects/object.go:1937.33,1939.2 1 1
github.com/go-py/go-python/pkg/objects/object.go:1941.49,1942.19 1 1
github.com/go-py/go-python/pkg/objects/object.go:1942.19,1944.3 1 1
github.com/go-py/go-python/pkg/objects/object.go:1945.2,1945.28 1 1
github.com/go-py/go-python/pkg/objects/object.go:1945.28,1946.16 1 1
github.com/go-py/go-python/pkg/objects/object.go:1946.16,1948.4 1 1
github.com/go-py/go-python/pkg/objects/object.go:1950.2,1950.25 1 1
github.com/go-py/go-python/pkg/objects/object.go:1950.25,1952.3 1 0
github.com/go-py/go-python/pkg/objects/object.go:1953.2,1953.36 1 1
github.com/go-py/go-python/pkg/objects/object.go:1953.36,1954.29 1 0
github.com/go-py/go-python/pkg/objects/object.go:1954.29,1956.4 1 0
github.com/go-py/go-python/pkg/objects/object.go:1958.2,1958.14 1 1
github.com/go-py/go-python/pkg/objects/object.go:1961.59,1962.36 1 1
github.com/go-py/go-python/pkg/objects/object.go:1962.36,1964.3 1 1
github.com/go-py/go-python/pkg/objects/object.go:1965.2,1965.35 1 1
github.com/go-py/go-python/pkg/objects/object.go:1965.35,1967.3 1 1
github.com/go-py/go-python/pkg/objects/object.go:1968.2,1968.20 1 1
github.com/go-py/go-python/pkg/objects/object.go:1968.20,1969.29 1 0
github.com/go-py/go-python/pkg/objects/object.go:1969.29,1970.40 1 0
github.com/go-py/go-python/pkg/objects/object.go:1970.40,1972.5 1 0
github.com/go-py/go-python/pkg/objects/object.go:1973.4,1973.39 1 0
github.com/go-py/go-python/pkg/objects/object.go:1973.39,1975.5 1 0
github.com/go-py/go-python/pkg/objects/object.go:1977.8,1977.32 1 1
github.com/go-py/go-python/pkg/objects/object.go:1977.32,1978.48 1 1
github.com/go-py/go-python/pkg/objects/object.go:1978.48,1980.4 1 1
github.com/go-py/go-python/pkg/objects/object.go:1981.3,1981.47 1 1
github.com/go-py/go-python/pkg/objects/object.go:1981.47,1983.4 1 1
github.com/go-py/go-python/pkg/objects/object.go:1985.2,1985.29 1 1
github.com/go-py/go-python/pkg/objects/object.go:1985.29,1986.37 1 1
github.com/go-py/go-python/pkg/objects/object.go:1986.37,1987.39 1 1
github.com/go-py/go-python/pkg/objects/object.go:1987.39,1989.5 1 1
github.com/go-py/go-python/pkg/objects/object.go:1990.4,1990.38 1 1
github.com/go-py/go-python/pkg/objects/object.go:1990.38,1992.5 1 1
github.com/go-py/go-python/pkg/objects/object.go:1995.2,1995.19 1 1
github.com/go-py/go-python/pkg/objects/object.go:2005.50,2006.20 1 1
github.com/go-py/go-python/pkg/objects/object.go:2006.20,2008.3 1 1
github.com/go-py/go-python/pkg/objects/object.go:2009.2,2009.52 1 1
github.com/go-py/go-python/pkg/objects/object.go:2009.52,2010.23 1 1
github.com/go-py/go-python/pkg/objects/object.go:2010.23,2012.4 1 1
github.com/go-py/go-python/pkg/objects/object.go:2014.2,2014.11 1 1
github.com/go-py/go-python/pkg/objects/object.go:2018.41,2019.74 1 1
github.com/go-py/go-python/pkg/objects/object.go:2019.74,2021.3 1 1
github.com/go-py/go-python/pkg/objects/object.go:2022.2,2026.23 4 1
github.com/go-py/go-python/pkg/objects/object.go:2026.23,2028.26 2 1
github.com/go-py/go-python/pkg/objects/object.go:2028.26,2030.4 1 0
github.com/go-py/go-python/pkg/objects/object.go:2032.2,2032.30 1 1
github.com/go-py/go-python/pkg/objects/object.go:2032.30,2033.31 1 1
github.com/go-py/go-python/pkg/objects/object.go:2033.31,2034.16 1 1
github.com/go-py/go-python/pkg/objects/object.go:2034.16,2037.5 2 1
github.com/go-py/go-python/pkg/objects/object.go:2040.2,2040.14 1 1
github.com/go-py/go-python/pkg/objects/object.go:2044.45,2046.2 1 1
github.com/go-py/go-python/pkg/objects/object.go:2048.38,2048.61 1 1
github.com/go-py/go-python/pkg/objects/object.go:2049.38,2049.91 1 1
github.com/go-py/go-python/pkg/objects/object.go:2051.56,2053.27 1 1
github.com/go-py/go-python/pkg/objects/object.go:2053.27,2054.71 1 1
github.com/go-py/go-python/pkg/objects/object.go:2054.71,2055.32 1 1
github.com/go-py/go-python/pkg/objects/object.go:2055.32,2057.5 1 1
github.com/go-py/go-python/pkg/objects/object.go:2058.4,2058.21 1 1
github.com/go-py/go-python/pkg/objects/object.go:2061.2,2061.35 1 1
github.com/go-py/go-python/pkg/objects/object.go:2061.35,2063.3 1 1
github.com/go-py/go-python/pkg/objects/object.go:2064.2,2064.20 1 1
github.com/go-py/go-python/pkg/objects/object.go:2064.20,2065.46 1 1
github.com/go-py/go-python/pkg/objects/object.go:2065.46,2067.4 1 1
github.com/go-py/go-python/pkg/objects/object.go:2068.3,2068.27 1 1
github.com/go-py/go-python/pkg/objects/object.go:2068.27,2069.36 1 0
github.com/go-py/go-python/pkg/objects/object.go:2069.36,2070.44 1 0
github.com/go-py/go-python/pkg/objects/object.go:2070.44,2072.6 1 0
github.com/go-py/go-python/pkg/objects/object.go:2074.9,2074.39 1 1
github.com/go-py/go-python/pkg/objects/object.go:2074.39,2075.58 1 1
github.com/go-py/go-python/pkg/objects/object.go:2075.58,2077.5 1 1
github.com/go-py/go-python/pkg/objects/object.go:2079.3,2079.36 1 1
github.com/go-py/go-python/pkg/objects/object.go:2079.36,2080.44 1 0
github.com/go-py/go-python/pkg/objects/object.go:2080.44,2081.43 1 0
github.com/go-py/go-python/pkg/objects/object.go:2081.43,2083.6 1 0
github.com/go-py/go-python/pkg/objects/object.go:2087.2,2087.19 1 1
github.com/go-py/go-python/pkg/objects/object.go:2090.55,2091.27 1 1
github.com/go-py/go-python/pkg/objects/object.go:2091.27,2092.44 1 1
github.com/go-py/go-python/pkg/objects/object.go:2092.44,2095.4 2 1
github.com/go-py/go-python/pkg/objects/object.go:2097.2,2097.21 1 1
github.com/go-py/go-python/pkg/objects/object.go:2097.21,2099.3 1 1
github.com/go-py/go-python/pkg/objects/object.go:2100.2,2100.24 1 1
github.com/go-py/go-python/pkg/objects/object.go:2110.36,2111.35 1 1
github.com/go-py/go-python/pkg/objects/object.go:2111.35,2113.3 1 1
github.com/go-py/go-python/pkg/objects/object.go:2114.2,2115.9 2 1
github.com/go-py/go-python/pkg/objects/object.go:2115.9,2117.3 1 1
github.com/go-py/go-python/pkg/objects/object.go:2118.2,2119.15 2 1
github.com/go-py/go-python/pkg/objects/object.go:2122.40,2123.38 1 1
github.com/go-py/go-python/pkg/objects/object.go:2123.38,2125.3 1 1
github.com/go-py/go-python/pkg/objects/object.go:2126.2,2127.9 2 1
github.com/go-py/go-python/pkg/objects/object.go:2127.9,2129.3 1 1
github.com/go-py/go-python/pkg/objects/object.go:2130.2,2131.15 2 1
github.com/go-py/go-python/pkg/objects/object.go:2140.38,2140.61 1 1
github.com/go-py/go-python/pkg/objects/object.go:2141.38,2141.68 1 1
github.com/go-py/go-python/pkg/objects/object.go:2142.73,2144.2 1 1
github.com/go-py/go-python/pkg/objects/object.go:2145.60,2147.2 1 1
github.com/go-py/go-python/pkg/objects/object.go:2148.38,2150.2 1 1
github.com/go-py/go-python/pkg/objects/object.go:2156.42,2156.68 1 1
github.com/go-py/go-python/pkg/objects/object.go:2157.42,2157.75 1 0
github.com/go-py/go-python/pkg/objects/object.go:2158.77,2160.2 1 0
github.com/go-py/go-python/pkg/objects/object.go:2161.64,2163.2 1 0
github.com/go-py/go-python/pkg/objects/object.go:2170.35,2170.55 1 1
github.com/go-py/go-python/pkg/objects/object.go:2171.35,2171.62 1 1
github.com/go-py/go-python/pkg/objects/object.go:2172.42,2172.58 1 1
github.com/go-py/go-python/pkg/objects/object.go:2178.43,2178.70 1 1
github.com/go-py/go-python/pkg/objects/object.go:2179.43,2179.77 1 0
github.com/go-py/go-python/pkg/objects/object.go:2180.78,2182.2 1 0
github.com/go-py/go-python/pkg/objects/object.go:2183.65,2185.2 1 0
github.com/go-py/go-python/pkg/objects/object.go:2186.43,2186.59 1 1
github.com/go-py/go-python/pkg/objects/object.go:2193.42,2193.65 1 1
github.com/go-py/go-python/pkg/objects/object.go:2194.42,2194.69 1 1
github.com/go-py/go-python/pkg/objects/object.go:2197.50,2198.25 1 1
github.com/go-py/go-python/pkg/objects/object.go:2199.17,2200.23 1 0
github.com/go-py/go-python/pkg/objects/object.go:2200.23,2202.4 1 0
github.com/go-py/go-python/pkg/objects/object.go:2204.3,2204.38 1 0
github.com/go-py/go-python/pkg/objects/object.go:2205.16,2206.55 1 1
github.com/go-py/go-python/pkg/objects/object.go:2207.14,2208.57 1 1
github.com/go-py/go-python/pkg/objects/object.go:2209.15,2210.55 1 1
github.com/go-py/go-python/pkg/objects/object.go:2211.16,2212.79 1 1
github.com/go-py/go-python/pkg/objects/object.go:2213.13,2214.56 1 1
github.com/go-py/go-python/pkg/objects/object.go:2215.13,2216.56 1 1
github.com/go-py/go-python/pkg/objects/object.go:2217.14,2218.57 1 1
github.com/go-py/go-python/pkg/objects/object.go:2219.12,2220.55 1 1
github.com/go-py/go-python/pkg/objects/object.go:2221.13,2222.60 1 1
github.com/go-py/go-python/pkg/objects/object.go:2223.16,2224.60 1 1
github.com/go-py/go-python/pkg/objects/object.go:2225.16,2226.60 1 1
github.com/go-py/go-python/pkg/objects/object.go:2227.14,2228.56 1 1
github.com/go-py/go-python/pkg/objects/object.go:2230.2,2230.31 1 0
github.com/go-py/go-python/pkg/objects/object.go:2234.44,2236.2 1 1
github.com/go-py/go-python/pkg/objects/object.go:2238.44,2239.19 1 1
github.com/go-py/go-python/pkg/objects/object.go:2239.19,2241.3 1 1
github.com/go-py/go-python/pkg/objects/object.go:2242.2,2242.40 1 1
github.com/go-py/go-python/pkg/objects/object.go:2242.40,2243.33 1 1
github.com/go-py/go-python/pkg/objects/object.go:2243.33,2245.4 1 1
github.com/go-py/go-python/pkg/objects/object.go:2247.2,2247.27 1 1
github.com/go-py/go-python/pkg/objects/object.go:2247.27,2249.3 1 1
github.com/go-py/go-python/pkg/objects/object.go:2250.2,2250.14 1 1
github.com/go-py/go-python/pkg/objects/object.go:2253.39,2254.30 1 1
github.com/go-py/go-python/pkg/objects/object.go:2254.30,2255.26 1 1
github.com/go-py/go-python/pkg/objects/object.go:2255.26,2257.4 1 1
github.com/go-py/go-python/pkg/objects/object.go:2258.3,2258.15 1 1
github.com/go-py/go-python/pkg/objects/object.go:2261.2,2263.15 3 0
github.com/go-py/go-python/pkg/objects/object.go:2266.39,2269.32 2 0
github.com/go-py/go-python/pkg/objects/object.go:2269.32,2270.28 1 0
github.com/go-py/go-python/pkg/objects/object.go:2270.28,2272.4 1 0
github.com/go-py/go-python/pkg/objects/object.go:2273.3,2273.16 1 0
github.com/go-py/go-python/pkg/objects/object.go:2276.2,2277.42 2 0
github.com/go-py/go-python/pkg/objects/object.go:2277.42,2283.3 5 0
github.com/go-py/go-python/pkg/objects/object.go:2285.2,2289.6 4 0
github.com/go-py/go-python/pkg/objects/object.go:2289.6,2291.36 2 0
github.com/go-py/go-python/pkg/objects/object.go:2291.36,2292.18 1 0
github.com/go-py/go-python/pkg/objects/object.go:2292.18,2294.10 2 0
github.com/go-py/go-python/pkg/objects/object.go:2297.3,2297.15 1 0
github.com/go-py/go-python/pkg/objects/object.go:2297.15,2298.9 1 0
github.com/go-py/go-python/pkg/objects/object.go:2301.3,2303.36 3 0
github.com/go-py/go-python/pkg/objects/object.go:2303.36,2304.19 1 0
github.com/go-py/go-python/pkg/objects/object.go:2304.19,2305.13 1 0
github.com/go-py/go-python/pkg/objects/object.go:2307.4,2309.38 3 0
github.com/go-py/go-python/pkg/objects/object.go:2309.38,2310.34 1 0
github.com/go-py/go-python/pkg/objects/object.go:2310.34,2311.20 1 0
github.com/go-py/go-python/pkg/objects/object.go:2311.20,2313.12 2 0
github.com/go-py/go-python/pkg/objects/object.go:2316.5,2316.15 1 0
github.com/go-py/go-python/pkg/objects/object.go:2316.15,2317.11 1 0
github.com/go-py/go-python/pkg/objects/object.go:2320.4,2320.15 1 0
github.com/go-py/go-python/pkg/objects/object.go:2320.15,2323.10 3 0
github.com/go-py/go-python/pkg/objects/object.go:2327.3,2327.13 1 0
github.com/go-py/go-python/pkg/objects/object.go:2327.13,2328.9 1 0
github.com/go-py/go-python/pkg/objects/object.go:2331.3,2333.36 2 0
github.com/go-py/go-python/pkg/objects/object.go:2333.36,2334.39 1 0
github.com/go-py/go-python/pkg/objects/object.go:2334.39,2336.5 1 0
github.com/go-py/go-python/pkg/objects/object.go:2340.2,2340.15 1 0
github.com/go-py/go-python/pkg/objects/object.go:2348.36,2348.57 1 1
github.com/go-py/go-python/pkg/objects/object.go:2349.36,2349.83 1 1
github.com/go-py/go-python/pkg/objects/object.go:2351.54,2352.35 1 1
github.com/go-py/go-python/pkg/objects/object.go:2352.35,2354.3 1 1
github.com/go-py/go-python/pkg/objects/object.go:2355.2,2355.19 1 1
github.com/go-py/go-python/pkg/objects/object.go:2364.47,2366.2 1 1
github.com/go-py/go-python/pkg/objects/object.go:2368.35,2368.55 1 1
github.com/go-py/go-python/pkg/objects/object.go:2369.34,2370.17 1 1
github.com/go-py/go-python/pkg/objects/object.go:2370.17,2371.19 1 1
github.com/go-py/go-python/pkg/objects/object.go:2371.19,2373.4 1 1
github.com/go-py/go-python/pkg/objects/object.go:2374.3,2374.55 1 1
github.com/go-py/go-python/pkg/objects/object.go:2376.2,2376.66 1 1
github.com/go-py/go-python/pkg/objects/object.go:2379.29,2380.16 1 1
github.com/go-py/go-python/pkg/objects/object.go:2380.16,2381.24 1 1
github.com/go-py/go-python/pkg/objects/object.go:2381.24,2383.4 1 1
github.com/go-py/go-python/pkg/objects/object.go:2384.3,2384.50 1 1
github.com/go-py/go-python/pkg/objects/object.go:2386.2,2386.16 1 1
github.com/go-py/go-python/pkg/objects/object.go:2386.16,2387.24 1 1
github.com/go-py/go-python/pkg/objects/object.go:2387.24,2389.4 1 0
github.com/go-py/go-python/pkg/objects/object.go:2390.3,2390.53 1 1
github.com/go-py/go-python/pkg/objects/object.go:2392.2,2392.10 1 1
github.com/go-py/go-python/pkg/objects/object.go:2395.35,2397.16 2 1
github.com/go-py/go-python/pkg/objects/object.go:2397.16,2398.45 1 1
github.com/go-py/go-python/pkg/objects/object.go:2398.45,2400.4 1 1
github.com/go-py/go-python/pkg/objects/object.go:2401.8,2402.45 1 1
github.com/go-py/go-python/pkg/objects/object.go:2402.45,2404.4 1 1
github.com/go-py/go-python/pkg/objects/object.go:2406.2,2406.15 1 1
github.com/go-py/go-python/pkg/objects/object.go:2409.53,2411.15 2 1
github.com/go-py/go-python/pkg/objects/object.go:2411.15,2413.3 1 1
github.com/go-py/go-python/pkg/objects/object.go:2414.2,2414.34 1 1
github.com/go-py/go-python/pkg/objects/object.go:2414.34,2416.3 1 1
github.com/go-py/go-python/pkg/objects/object.go:2417.2,2417.54 1 1
github.com/go-py/go-python/pkg/objects/object.go:2424.38,2426.2 1 1
github.com/go-py/go-python/pkg/objects/object.go:2428.33,2428.51 1 1
github.com/go-py/go-python/pkg/objects/object.go:2429.33,2429.58 1 1
github.com/go-py/go-python/pkg/objects/object.go:2431.27,2433.35 2 1
github.com/go-py/go-python/pkg/objects/object.go:2433.35,2434.27 1 1
github.com/go-py/go-python/pkg/objects/object.go:2435.14,2436.55 1 1
github.com/go-py/go-python/pkg/objects/object.go:2436.55,2438.5 1 1
github.com/go-py/go-python/pkg/objects/object.go:2439.15,2441.34 2 0
github.com/go-py/go-python/pkg/objects/object.go:2441.34,2443.5 1 0
github.com/go-py/go-python/pkg/objects/object.go:2444.16,2445.52 1 0
github.com/go-py/go-python/pkg/objects/object.go:2445.52,2447.5 1 0
github.com/go-py/go-python/pkg/objects/object.go:2448.15,2449.55 1 0
github.com/go-py/go-python/pkg/objects/object.go:2449.55,2451.5 1 0
github.com/go-py/go-python/pkg/objects/object.go:2452.11,2453.13 1 0
github.com/go-py/go-python/pkg/objects/object.go:2456.2,2456.18 1 1
github.com/go-py/go-python/pkg/objects/object.go:2456.18,2458.3 1 1
github.com/go-py/go-python/pkg/objects/object.go:2459.2,2459.15 1 1
github.com/go-py/go-python/pkg/objects/object.go:2462.33,2464.16 2 1
github.com/go-py/go-python/pkg/objects/object.go:2464.16,2466.3 1 0
github.com/go-py/go-python/pkg/objects/object.go:2467.2,2468.37 2 1
github.com/go-py/go-python/pkg/objects/object.go:2468.37,2470.36 2 1
github.com/go-py/go-python/pkg/objects/object.go:2470.36,2471.28 1 1
github.com/go-py/go-python/pkg/objects/object.go:2472.15,2473.29 1 1
github.com/go-py/go-python/pkg/objects/object.go:2474.16,2475.31 1 0
github.com/go-py/go-python/pkg/objects/object.go:2476.17,2477.50 1 0
github.com/go-py/go-python/pkg/objects/object.go:2478.16,2479.29 1 0
github.com/go-py/go-python/pkg/objects/object.go:2482.3,2482.51 1 1
github.com/go-py/go-python/pkg/objects/object.go:2484.2,2484.15 1 1
github.com/go-py/go-python/pkg/objects/object.go:2494.42,2494.70 1 1
github.com/go-py/go-python/pkg/objects/object.go:2495.42,2495.93 1 1
github.com/go-py/go-python/pkg/objects/object.go:2497.60,2498.14 1 1
github.com/go-py/go-python/pkg/objects/object.go:2499.17,2500.41 1 1
github.com/go-py/go-python/pkg/objects/object.go:2501.15,2502.40 1 1
github.com/go-py/go-python/pkg/objects/object.go:2503.16,2506.36 1 1
github.com/go-py/go-python/pkg/objects/object.go:2506.36,2507.22 1 1
github.com/go-py/go-python/pkg/objects/object.go:2507.22,2509.6 1 0
github.com/go-py/go-python/pkg/objects/object.go:2510.5,2511.12 2 1
github.com/go-py/go-python/pkg/objects/object.go:2511.12,2513.6 1 1
github.com/go-py/go-python/pkg/objects/object.go:2514.5,2514.37 1 1
github.com/go-py/go-python/pkg/objects/object.go:2517.15,2520.36 1 1
github.com/go-py/go-python/pkg/objects/object.go:2520.36,2521.22 1 1
github.com/go-py/go-python/pkg/objects/object.go:2521.22,2523.6 1 1
github.com/go-py/go-python/pkg/objects/object.go:2524.5,2525.12 2 1
github.com/go-py/go-python/pkg/objects/object.go:2525.12,2527.6 1 0
github.com/go-py/go-python/pkg/objects/object.go:2528.5,2528.36 1 1
github.com/go-py/go-python/pkg/objects/object.go:2531.19,2534.36 1 1
github.com/go-py/go-python/pkg/objects/object.go:2534.36,2535.22 1 1
github.com/go-py/go-python/pkg/objects/object.go:2535.22,2537.6 1 0
github.com/go-py/go-python/pkg/objects/object.go:2538.5,2539.12 2 1
github.com/go-py/go-python/pkg/objects/object.go:2539.12,2541.6 1 1
github.com/go-py/go-python/pkg/objects/object.go:2542.5,2542.40 1 1
github.com/go-py/go-python/pkg/objects/object.go:2545.17,2548.36 1 1
github.com/go-py/go-python/pkg/objects/object.go:2548.36,2549.22 1 1
github.com/go-py/go-python/pkg/objects/object.go:2549.22,2551.6 1 1
github.com/go-py/go-python/pkg/objects/object.go:2552.5,2553.12 2 1
github.com/go-py/go-python/pkg/objects/object.go:2553.12,2555.6 1 0
github.com/go-py/go-python/pkg/objects/object.go:2556.5,2556.38 1 1
github.com/go-py/go-python/pkg/objects/object.go:2559.18,2562.36 1 1
github.com/go-py/go-python/pkg/objects/object.go:2562.36,2563.22 1 1
github.com/go-py/go-python/pkg/objects/object.go:2563.22,2565.6 1 0
github.com/go-py/go-python/pkg/objects/object.go:2566.5,2567.12 2 1
github.com/go-py/go-python/pkg/objects/object.go:2567.12,2569.6 1 1
github.com/go-py/go-python/pkg/objects/object.go:2570.5,2570.39 1 1
github.com/go-py/go-python/pkg/objects/object.go:2573.13,2576.36 1 1
github.com/go-py/go-python/pkg/objects/object.go:2576.36,2577.22 1 1
github.com/go-py/go-python/pkg/objects/object.go:2577.22,2579.6 1 0
github.com/go-py/go-python/pkg/objects/object.go:2580.5,2581.13 2 1
github.com/go-py/go-python/pkg/objects/object.go:2581.13,2583.6 1 0
github.com/go-py/go-python/pkg/objects/object.go:2584.5,2585.23 2 1
github.com/go-py/go-python/pkg/objects/object.go:2585.23,2586.41 1 0
github.com/go-py/go-python/pkg/objects/object.go:2586.41,2588.7 1 0
github.com/go-py/go-python/pkg/objects/object.go:2591.5,2594.25 2 1
github.com/go-py/go-python/pkg/objects/object.go:2594.25,2596.6 1 0
github.com/go-py/go-python/pkg/objects/object.go:2598.5,2599.13 2 1
github.com/go-py/go-python/pkg/objects/object.go:2599.13,2601.6 1 0
github.com/go-py/go-python/pkg/objects/object.go:2602.5,2603.18 2 1
github.com/go-py/go-python/pkg/objects/object.go:2603.18,2605.21 2 0
github.com/go-py/go-python/pkg/objects/object.go:2605.21,2607.7 1 0
github.com/go-py/go-python/pkg/objects/object.go:2607.12,2610.32 3 0
github.com/go-py/go-python/pkg/objects/object.go:2610.32,2614.8 3 0
github.com/go-py/go-python/pkg/objects/object.go:2615.7,2616.28 2 0
github.com/go-py/go-python/pkg/objects/object.go:2618.11,2620.6 1 1
github.com/go-py/go-python/pkg/objects/object.go:2621.5,2621.34 1 1
github.com/go-py/go-python/pkg/objects/object.go:2624.14,2627.36 1 0
github.com/go-py/go-python/pkg/objects/object.go:2627.36,2628.22 1 0
github.com/go-py/go-python/pkg/objects/object.go:2628.22,2630.6 1 0
github.com/go-py/go-python/pkg/objects/object.go:2631.5,2632.13 2 0
github.com/go-py/go-python/pkg/objects/object.go:2632.13,2634.6 1 0
github.com/go-py/go-python/pkg/objects/object.go:2635.5,2636.23 2 0
github.com/go-py/go-python/pkg/objects/object.go:2636.23,2637.41 1 0
github.com/go-py/go-python/pkg/objects/object.go:2637.41,2639.7 1 0
github.com/go-py/go-python/pkg/objects/object.go:2642.5,2645.25 2 0
github.com/go-py/go-python/pkg/objects/object.go:2645.25,2647.36 2 0
github.com/go-py/go-python/pkg/objects/object.go:2647.36,2649.7 1 0
github.com/go-py/go-python/pkg/objects/object.go:2650.6,2653.21 4 0
github.com/go-py/go-python/pkg/objects/object.go:2653.21,2655.7 1 0
github.com/go-py/go-python/pkg/objects/object.go:2656.6,2656.93 1 0
github.com/go-py/go-python/pkg/objects/object.go:2659.5,2660.13 2 0
github.com/go-py/go-python/pkg/objects/object.go:2660.13,2662.6 1 0
github.com/go-py/go-python/pkg/objects/object.go:2663.5,2665.18 3 0
github.com/go-py/go-python/pkg/objects/object.go:2665.18,2667.21 2 0
github.com/go-py/go-python/pkg/objects/object.go:2667.21,2670.7 2 0
github.com/go-py/go-python/pkg/objects/object.go:2670.12,2673.32 3 0
github.com/go-py/go-python/pkg/objects/object.go:2673.32,2677.8 3 0
github.com/go-py/go-python/pkg/objects/object.go:2678.7,2680.20 3 0
github.com/go-py/go-python/pkg/objects/object.go:2682.11,2685.21 3 0
github.com/go-py/go-python/pkg/objects/object.go:2685.21,2687.7 1 0
github.com/go-py/go-python/pkg/objects/object.go:2689.5,2689.89 1 0
github.com/go-py/go-python/pkg/objects/object.go:2692.15,2695.36 1 1
github.com/go-py/go-python/pkg/objects/object.go:2695.36,2696.22 1 1
github.com/go-py/go-python/pkg/objects/object.go:2696.22,2698.6 1 0
github.com/go-py/go-python/pkg/objects/object.go:2699.5,2700.12 2 1
github.com/go-py/go-python/pkg/objects/object.go:2700.12,2702.6 1 1
github.com/go-py/go-python/pkg/objects/object.go:2703.5,2703.36 1 1
github.com/go-py/go-python/pkg/objects/object.go:2707.2,2707.19 1 1
github.com/go-py/go-python/pkg/objects/object.go:2719.40,2719.66 1 1
github.com/go-py/go-python/pkg/objects/object.go:2720.40,2720.70 1 1
github.com/go-py/go-python/pkg/objects/object.go:2722.58,2723.14 1 1
github.com/go-py/go-python/pkg/objects/object.go:2724.16,2725.48 1 1
github.com/go-py/go-python/pkg/objects/object.go:2726.12,2727.25 1 1
github.com/go-py/go-python/pkg/objects/object.go:2728.19,2729.24 1 1
github.com/go-py/go-python/pkg/objects/object.go:2729.24,2731.4 1 1
github.com/go-py/go-python/pkg/objects/object.go:2732.3,2732.21 1 1
github.com/go-py/go-python/pkg/objects/object.go:2733.15,2736.36 1 1
github.com/go-py/go-python/pkg/objects/object.go:2736.36,2738.22 2 1
github.com/go-py/go-python/pkg/objects/object.go:2738.22,2739.41 1 1
github.com/go-py/go-python/pkg/objects/object.go:2739.41,2741.7 1 1
github.com/go-py/go-python/pkg/objects/object.go:2741.12,2743.7 1 1
github.com/go-py/go-python/pkg/objects/object.go:2745.5,2745.45 1 1
github.com/go-py/go-python/pkg/objects/object.go:2745.45,2747.6 1 1
github.com/go-py/go-python/pkg/objects/object.go:2748.5,2748.41 1 1
github.com/go-py/go-python/pkg/objects/object.go:2751.15,2754.36 1 1
github.com/go-py/go-python/pkg/objects/object.go:2754.36,2756.22 2 1
github.com/go-py/go-python/pkg/objects/object.go:2756.22,2757.41 1 0
github.com/go-py/go-python/pkg/objects/object.go:2757.41,2759.7 1 0
github.com/go-py/go-python/pkg/objects/object.go:2761.5,2761.50 1 1
github.com/go-py/go-python/pkg/objects/object.go:2761.50,2763.6 1 0
github.com/go-py/go-python/pkg/objects/object.go:2764.5,2764.54 1 1
github.com/go-py/go-python/pkg/objects/object.go:2767.13,2770.36 1 1
github.com/go-py/go-python/pkg/objects/object.go:2770.36,2772.22 2 1
github.com/go-py/go-python/pkg/objects/object.go:2772.22,2773.41 1 0
github.com/go-py/go-python/pkg/objects/object.go:2773.41,2775.7 1 0
github.com/go-py/go-python/pkg/objects/object.go:2777.5,2777.48 1 1
github.com/go-py/go-python/pkg/objects/object.go:2777.48,2779.6 1 0
github.com/go-py/go-python/pkg/objects/object.go:2780.5,2780.52 1 1
github.com/go-py/go-python/pkg/objects/object.go:2783.14,2786.36 1 1
github.com/go-py/go-python/pkg/objects/object.go:2786.36,2788.22 2 1
github.com/go-py/go-python/pkg/objects/object.go:2788.22,2789.41 1 0
github.com/go-py/go-python/pkg/objects/object.go:2789.41,2791.7 1 0
github.com/go-py/go-python/pkg/objects/object.go:2793.5,2793.50 1 1
github.com/go-py/go-python/pkg/objects/object.go:2793.50,2795.6 1 0
github.com/go-py/go-python/pkg/objects/object.go:2796.5,2799.7 1 1
github.com/go-py/go-python/pkg/objects/object.go:2802.16,2805.36 1 1
github.com/go-py/go-python/pkg/objects/object.go:2805.36,2807.40 2 1
github.com/go-py/go-python/pkg/objects/object.go:2807.40,2809.6 1 1
github.com/go-py/go-python/pkg/objects/object.go:2810.5,2810.38 1 1
github.com/go-py/go-python/pkg/objects/object.go:2814.2,2814.19 1 1
github.com/go-py/go-python/pkg/objects/object.go:2819.54,2821.16 2 1
github.com/go-py/go-python/pkg/objects/object.go:2821.16,2823.3 1 1
github.com/go-py/go-python/pkg/objects/object.go:2824.2,2824.35 1 1
github.com/go-py/go-python/pkg/objects/object.go:2827.53,2829.31 2 1
github.com/go-py/go-python/pkg/objects/object.go:2829.31,2831.3 1 1
github.com/go-py/go-python/pkg/objects/object.go:2832.2,2832.35 1 1
github.com/go-py/go-python/pkg/objects/object.go:2835.57,2837.51 2 1
github.com/go-py/go-python/pkg/objects/object.go:2837.51,2839.3 1 1
github.com/go-py/go-python/pkg/objects/object.go:2840.2,2840.35 1 1
github.com/go-py/go-python/pkg/objects/object.go:2843.55,2845.20 2 1
github.com/go-py/go-python/pkg/objects/object.go:2845.20,2847.3 1 0
github.com/go-py/go-python/pkg/objects/object.go:2849.2,2852.20 3 1
github.com/go-py/go-python/pkg/objects/object.go:2852.20,2854.29 1 1
github.com/go-py/go-python/pkg/objects/object.go:2854.29,2856.4 1 1
github.com/go-py/go-python/pkg/objects/object.go:2857.8,2857.27 1 1
github.com/go-py/go-python/pkg/objects/object.go:2857.27,2859.29 1 1
github.com/go-py/go-python/pkg/objects/object.go:2859.29,2860.32 1 1
github.com/go-py/go-python/pkg/objects/object.go:2860.32,2862.5 1 1
github.com/go-py/go-python/pkg/objects/object.go:2862.10,2864.5 1 0
github.com/go-py/go-python/pkg/objects/object.go:2866.8,2868.29 1 0
github.com/go-py/go-python/pkg/objects/object.go:2868.29,2870.35 2 0
github.com/go-py/go-python/pkg/objects/object.go:2870.35,2871.21 1 0
github.com/go-py/go-python/pkg/objects/object.go:2871.21,2873.6 1 0
github.com/go-py/go-python/pkg/objects/object.go:2873.11,2875.6 1 0
github.com/go-py/go-python/pkg/objects/object.go:2877.4,2877.55 1 0
github.com/go-py/go-python/pkg/objects/object.go:2880.2,2880.32 1 1
github.com/go-py/go-python/pkg/objects/object.go:2883.56,2885.17 2 1
github.com/go-py/go-python/pkg/objects/object.go:2885.17,2887.3 1 0
github.com/go-py/go-python/pkg/objects/object.go:2888.2,2889.27 2 1
github.com/go-py/go-python/pkg/objects/object.go:2889.27,2891.3 1 1
github.com/go-py/go-python/pkg/objects/object.go:2892.2,2892.32 1 1
github.com/go-py/go-python/pkg/objects/object.go:2895.53,2897.20 2 1
github.com/go-py/go-python/pkg/objects/object.go:2897.20,2901.31 3 1
github.com/go-py/go-python/pkg/objects/object.go:2901.31,2903.4 1 1
github.com/go-py/go-python/pkg/objects/object.go:2904.3,2904.35 1 1
github.com/go-py/go-python/pkg/objects/object.go:2908.2,2909.17 2 1
github.com/go-py/go-python/pkg/objects/object.go:2909.17,2911.3 1 0
github.com/go-py/go-python/pkg/objects/object.go:2913.2,2915.27 3 1
github.com/go-py/go-python/pkg/objects/object.go:2915.27,2919.34 2 1
github.com/go-py/go-python/pkg/objects/object.go:2919.34,2922.30 3 1
github.com/go-py/go-python/pkg/objects/object.go:2922.30,2924.5 1 1
github.com/go-py/go-python/pkg/objects/object.go:2924.10,2926.5 1 0
github.com/go-py/go-python/pkg/objects/object.go:2928.3,2928.16 1 1
github.com/go-py/go-python/pkg/objects/object.go:2931.2,2933.32 2 1
github.com/go-py/go-python/pkg/objects/object.go:2939.83,2941.15 2 0
github.com/go-py/go-python/pkg/objects/object.go:2941.15,2943.3 1 0
github.com/go-py/go-python/pkg/objects/object.go:2943.8,2945.3 1 0
github.com/go-py/go-python/pkg/objects/object.go:2947.2,2947.17 1 0
github.com/go-py/go-python/pkg/objects/object.go:2947.17,2949.3 1 0
github.com/go-py/go-python/pkg/objects/object.go:2951.2,2953.27 3 0
github.com/go-py/go-python/pkg/objects/object.go:2953.27,2961.33 4 0
github.com/go-py/go-python/pkg/objects/object.go:2961.33,2963.4 1 0
github.com/go-py/go-python/pkg/objects/object.go:2966.3,2967.41 2 0
github.com/go-py/go-python/pkg/objects/object.go:2967.41,2969.4 1 0
github.com/go-py/go-python/pkg/objects/object.go:2969.9,2971.4 1 0
github.com/go-py/go-python/pkg/objects/object.go:2973.3,2974.16 2 0
github.com/go-py/go-python/pkg/objects/object.go:2976.2,2978.37 2 0
github.com/go-py/go-python/pkg/objects/object.go:2981.72,2985.34 4 1
github.com/go-py/go-python/pkg/objects/object.go:2985.34,2990.29 5 1
github.com/go-py/go-python/pkg/objects/object.go:2990.29,2992.4 1 1
github.com/go-py/go-python/pkg/objects/object.go:2994.2,3000.3 1 1
github.com/go-py/go-python/pkg/objects/object.go:3010.77,3012.2 1 0
github.com/go-py/go-python/pkg/objects/object.go:3016.57,3017.27 1 1
github.com/go-py/go-python/pkg/objects/object.go:3017.27,3019.3 1 1
github.com/go-py/go-python/pkg/objects/object.go:3020.2,3020.40 1 0
github.com/go-py/go-python/pkg/objects/object.go:3024.34,3026.33 1 1
github.com/go-py/go-python/pkg/objects/object.go:3026.33,3028.3 1 0
github.com/go-py/go-python/pkg/objects/object.go:3029.2,3029.20 1 1
github.com/go-py/go-python/pkg/objects/object.go:3030.16,3031.14 1 1
github.com/go-py/go-python/pkg/objects/object.go:3032.16,3033.14 1 1
github.com/go-py/go-python/pkg/objects/object.go:3034.14,3035.14 1 1
github.com/go-py/go-python/pkg/objects/object.go:3036.17,3038.38 1 1
github.com/go-py/go-python/pkg/objects/object.go:3038.38,3039.61 1 1
github.com/go-py/go-python/pkg/objects/object.go:3039.61,3041.5 1 1
github.com/go-py/go-python/pkg/objects/object.go:3042.4,3042.54 1 1
github.com/go-py/go-python/pkg/objects/object.go:3042.54,3044.5 1 1
github.com/go-py/go-python/pkg/objects/object.go:3046.3,3046.15 1 1
github.com/go-py/go-python/pkg/objects/object.go:3047.10,3048.15 1 1
github.com/go-py/go-python/pkg/objects/object.go:3052.50,3054.2 1 1
github.com/go-py/go-python/pkg/objects/object.go:3056.37,3058.2 1 1
github.com/go-py/go-python/pkg/objects/object.go:3068.38,3069.25 1 1
github.com/go-py/go-python/pkg/objects/object.go:3070.43,3071.13 1 1
github.com/go-py/go-python/pkg/objects/object.go:3072.14,3073.35 1 1
github.com/go-py/go-python/pkg/objects/object.go:3073.35,3074.46 1 1
github.com/go-py/go-python/pkg/objects/object.go:3074.46,3076.5 1 1
github.com/go-py/go-python/pkg/objects/object.go:3078.3,3078.13 1 0
github.com/go-py/go-python/pkg/objects/object.go:3079.10,3080.59 1 1
github.com/go-py/go-python/pkg/objects/object.go:3084.74,3089.2 1 1
[...]
github.com/go-py/go-python/pkg/objects/object.go:3517.20,3519.6 1 1
github.com/go-py/go-python/pkg/objects/object.go:3520.5,3520.13 1 0
github.com/go-py/go-python/pkg/objects/object.go:3521.18,3523.36 2 1
github.com/go-py/go-python/pkg/objects/object.go:3524.12,3525.59 1 0
github.com/go-py/go-python/pkg/objects/object.go:3530.2,3532.35 1 1
github.com/go-py/go-python/pkg/objects/object.go:3532.35,3533.22 1 0
github.com/go-py/go-python/pkg/objects/object.go:3533.22,3535.5 1 0
github.com/go-py/go-python/pkg/objects/object.go:3536.4,3538.20 3 0
github.com/go-py/go-python/pkg/objects/object.go:3538.20,3540.5 1 0
github.com/go-py/go-python/pkg/objects/object.go:3541.4,3541.57 1 0
github.com/go-py/go-python/pkg/objects/object.go:3545.2,3547.35 1 1
github.com/go-py/go-python/pkg/objects/object.go:3547.35,3548.22 1 0
github.com/go-py/go-python/pkg/objects/object.go:3548.22,3550.5 1 0
github.com/go-py/go-python/pkg/objects/object.go:3551.4,3553.20 3 0
github.com/go-py/go-python/pkg/objects/object.go:3553.20,3555.5 1 0
github.com/go-py/go-python/pkg/objects/object.go:3556.4,3556.54 1 0
github.com/go-py/go-python/pkg/objects/object.go:3560.2,3562.35 1 1
github.com/go-py/go-python/pkg/objects/object.go:3562.35,3563.22 1 0
github.com/go-py/go-python/pkg/objects/object.go:3563.22,3565.5 1 0
github.com/go-py/go-python/pkg/objects/object.go:3566.4,3567.27 2 0
github.com/go-py/go-python/pkg/objects/object.go:3568.16,3569.44 1 0
github.com/go-py/go-python/pkg/objects/object.go:3570.18,3571.53 1 0
github.com/go-py/go-python/pkg/objects/object.go:3572.12,3573.59 1 0
github.com/go-py/go-python/pkg/objects/object.go:3578.2,3580.35 1 1
github.com/go-py/go-python/pkg/objects/object.go:3580.35,3581.22 1 0
github.com/go-py/go-python/pkg/objects/object.go:3581.22,3583.5 1 0
github.com/go-py/go-python/pkg/objects/object.go:3584.4,3585.27 2 0
github.com/go-py/go-python/pkg/objects/object.go:3586.16,3587.46 1 0
github.com/go-py/go-python/pkg/objects/object.go:3588.18,3589.55 1 0
github.com/go-py/go-python/pkg/objects/object.go:3590.12,3591.61 1 0
github.com/go-py/go-python/pkg/objects/object.go:3596.2,3598.35 1 1
github.com/go-py/go-python/pkg/objects/object.go:3598.35,3599.22 1 0
github.com/go-py/go-python/pkg/objects/object.go:3599.22,3601.5 1 0
github.com/go-py/go-python/pkg/objects/object.go:3602.4,3603.27 2 0
github.com/go-py/go-python/pkg/objects/object.go:3604.16,3605.45 1 0
github.com/go-py/go-python/pkg/objects/object.go:3606.18,3607.54 1 0
github.com/go-py/go-python/pkg/objects/object.go:3608.12,3609.60 1 0
github.com/go-py/go-python/pkg/objects/object.go:3614.2,3616.35 1 1
github.com/go-py/go-python/pkg/objects/object.go:3616.35,3617.22 1 0
github.com/go-py/go-python/pkg/objects/object.go:3617.22,3619.5 1 0
github.com/go-py/go-python/pkg/objects/object.go:3620.4,3621.27 2 0
github.com/go-py/go-python/pkg/objects/object.go:3622.16,3623.44 1 0
github.com/go-py/go-python/pkg/objects/object.go:3624.18,3625.53 1 0
github.com/go-py/go-python/pkg/objects/object.go:3626.12,3627.59 1 0
github.com/go-py/go-python/pkg/objects/object.go:3632.2,3634.35 1 1
github.com/go-py/go-python/pkg/objects/object.go:3634.35,3635.22 1 0
github.com/go-py/go-python/pkg/objects/object.go:3635.22,3637.5 1 0
github.com/go-py/go-python/pkg/objects/object.go:3638.4,3639.27 2 0
github.com/go-py/go-python/pkg/objects/object.go:3640.16,3641.50 1 0
github.com/go-py/go-python/pkg/objects/object.go:3642.18,3643.59 1 0
github.com/go-py/go-python/pkg/objects/object.go:3644.12,3645.63 1 0
github.com/go-py/go-python/pkg/objects/object.go:3650.2,3652.35 1 1
github.com/go-py/go-python/pkg/objects/object.go:3652.35,3653.22 1 0
github.com/go-py/go-python/pkg/objects/object.go:3653.22,3655.5 1 0
github.com/go-py/go-python/pkg/objects/object.go:3656.4,3657.27 2 0
github.com/go-py/go-python/pkg/objects/object.go:3658.16,3659.50 1 0
github.com/go-py/go-python/pkg/objects/object.go:3660.18,3661.59 1 0
github.com/go-py/go-python/pkg/objects/object.go:3662.12,3663.63 1 0
github.com/go-py/go-python/pkg/objects/object.go:3668.2,3668.19 1 1
github.com/go-py/go-python/pkg/objects/object.go:3672.32,3712.35 7 1
github.com/go-py/go-python/pkg/objects/object.go:3712.35,3714.22 2 0
github.com/go-py/go-python/pkg/objects/object.go:3714.22,3715.40 1 0
github.com/go-py/go-python/pkg/objects/object.go:3715.40,3717.6 1 0
github.com/go-py/go-python/pkg/objects/object.go:3719.4,3720.16 2 0
github.com/go-py/go-python/pkg/objects/object.go:3725.2,3727.35 1 1
github.com/go-py/go-python/pkg/objects/object.go:3727.35,3728.22 1 1
github.com/go-py/go-python/pkg/objects/object.go:3728.22,3730.5 1 0
github.com/go-py/go-python/pkg/objects/object.go:3731.4,3732.27 2 1
github.com/go-py/go-python/pkg/objects/object.go:3733.18,3734.31 1 1
github.com/go-py/go-python/pkg/objects/object.go:3735.16,3736.31 1 0
github.com/go-py/go-python/pkg/objects/object.go:3737.18,3738.31 1 0
github.com/go-py/go-python/pkg/objects/object.go:3739.17,3740.53 1 0
github.com/go-py/go-python/pkg/objects/object.go:3741.15,3742.58 1 0
github.com/go-py/go-python/pkg/objects/object.go:3743.15,3745.50 2 0
github.com/go-py/go-python/pkg/objects/object.go:3746.16,3747.58 1 0
github.com/go-py/go-python/pkg/objects/object.go:3748.14,3750.45 2 0
github.com/go-py/go-python/pkg/objects/object.go:3751.16,3752.53 1 0
github.com/go-py/go-python/pkg/objects/object.go:3753.15,3754.31 1 0
github.com/go-py/go-python/pkg/objects/object.go:3755.18,3756.31 1 0
github.com/go-py/go-python/pkg/objects/object.go:3757.18,3758.32 1 0
github.com/go-py/go-python/pkg/objects/object.go:3759.18,3760.32 1 0
github.com/go-py/go-python/pkg/objects/object.go:3761.22,3762.32 1 0
github.com/go-py/go-python/pkg/objects/object.go:3763.16,3764.31 1 0
github.com/go-py/go-python/pkg/objects/object.go:3765.19,3767.24 2 0
github.com/go-py/go-python/pkg/objects/object.go:3767.24,3769.6 1 0
github.com/go-py/go-python/pkg/objects/object.go:3770.5,3770.28 1 0
github.com/go-py/go-python/pkg/objects/object.go:3770.28,3772.6 1 0
github.com/go-py/go-python/pkg/objects/object.go:3773.5,3773.33 1 0
github.com/go-py/go-python/pkg/objects/object.go:3774.12,3775.31 1 0
github.com/go-py/go-python/pkg/objects/object.go:3780.2,3780.18 1 1
github.com/go-py/go-python/pkg/objects/object.go:3784.31,3798.35 3 1
github.com/go-py/go-python/pkg/objects/object.go:3798.35,3799.22 1 0
github.com/go-py/go-python/pkg/objects/object.go:3799.22,3801.5 1 0
github.com/go-py/go-python/pkg/objects/object.go:3802.4,3803.18 2 0
github.com/go-py/go-python/pkg/objects/object.go:3803.18,3805.5 1 0
github.com/go-py/go-python/pkg/objects/object.go:3806.4,3806.30 1 0
github.com/go-py/go-python/pkg/objects/object.go:3811.2,3813.35 1 1
github.com/go-py/go-python/pkg/objects/object.go:3813.35,3814.22 1 0
github.com/go-py/go-python/pkg/objects/object.go:3814.22,3816.5 1 0
github.com/go-py/go-python/pkg/objects/object.go:3817.4,3818.11 2 0
github.com/go-py/go-python/pkg/objects/object.go:3818.11,3820.5 1 0
github.com/go-py/go-python/pkg/objects/object.go:3821.4,3822.18 2 0
github.com/go-py/go-python/pkg/objects/object.go:3822.18,3824.5 1 0
github.com/go-py/go-python/pkg/objects/object.go:3825.4,3825.16 1 0
github.com/go-py/go-python/pkg/objects/object.go:3830.2,3832.35 1 1
github.com/go-py/go-python/pkg/objects/object.go:3832.35,3833.22 1 0
github.com/go-py/go-python/pkg/objects/object.go:3833.22,3835.5 1 0
github.com/go-py/go-python/pkg/objects/object.go:3836.4,3837.11 2 0
github.com/go-py/go-python/pkg/objects/object.go:3837.11,3839.5 1 0
github.com/go-py/go-python/pkg/objects/object.go:3840.4,3841.18 2 0
github.com/go-py/go-python/pkg/objects/object.go:3841.18,3843.5 1 0
github.com/go-py/go-python/pkg/objects/object.go:3844.4,3845.34 2 0
github.com/go-py/go-python/pkg/objects/object.go:3845.34,3847.5 1 0
github.com/go-py/go-python/pkg/objects/object.go:3848.4,3848.33 1 0
github.com/go-py/go-python/pkg/objects/object.go:3853.2,3855.35 1 1
github.com/go-py/go-python/pkg/objects/object.go:3855.35,3856.21 1 0
github.com/go-py/go-python/pkg/objects/object.go:3856.21,3858.5 1 0
github.com/go-py/go-python/pkg/objects/object.go:3859.4,3860.11 2 0
github.com/go-py/go-python/pkg/objects/object.go:3860.11,3862.5 1 0
github.com/go-py/go-python/pkg/objects/object.go:3863.4,3864.22 2 0
github.com/go-py/go-python/pkg/objects/object.go:3864.22,3865.40 1 0
github.com/go-py/go-python/pkg/objects/object.go:3865.40,3867.6 1 0
github.com/go-py/go-python/pkg/objects/object.go:3869.4,3870.18 2 0
github.com/go-py/go-python/pkg/objects/object.go:3870.18,3872.5 1 0
github.com/go-py/go-python/pkg/objects/object.go:3873.4,3873.16 1 0
github.com/go-py/go-python/pkg/objects/object.go:3878.2,3880.35 1 1
github.com/go-py/go-python/pkg/objects/object.go:3880.35,3881.22 1 0
github.com/go-py/go-python/pkg/objects/object.go:3881.22,3883.5 1 0
github.com/go-py/go-python/pkg/objects/object.go:3884.4,3885.11 2 0
github.com/go-py/go-python/pkg/objects/object.go:3885.11,3887.5 1 0
github.com/go-py/go-python/pkg/objects/object.go:3888.4,3889.18 2 0
github.com/go-py/go-python/pkg/objects/object.go:3889.18,3891.5 1 0
github.com/go-py/go-python/pkg/objects/object.go:3892.4,3892.16 1 0
github.com/go-py/go-python/pkg/objects/object.go:3897.2,3899.35 1 1
github.com/go-py/go-python/pkg/objects/object.go:3899.35,3900.22 1 0
github.com/go-py/go-python/pkg/objects/object.go:3900.22,3902.5 1 0
github.com/go-py/go-python/pkg/objects/object.go:3903.4,3905.20 3 0
github.com/go-py/go-python/pkg/objects/object.go:3905.20,3907.5 1 0
github.com/go-py/go-python/pkg/objects/object.go:3908.4,3909.18 2 0
github.com/go-py/go-python/pkg/objects/object.go:3909.18,3911.5 1 0
github.com/go-py/go-python/pkg/objects/object.go:3912.4,3912.16 1 0
github.com/go-py/go-python/pkg/objects/object.go:3917.2,3919.35 1 1
github.com/go-py/go-python/pkg/objects/object.go:3919.35,3920.21 1 1
github.com/go-py/go-python/pkg/objects/object.go:3920.21,3922.5 1 0
github.com/go-py/go-python/pkg/objects/object.go:3923.4,3924.11 2 1
github.com/go-py/go-python/pkg/objects/object.go:3924.11,3926.5 1 0
github.com/go-py/go-python/pkg/objects/object.go:3927.4,3928.37 2 1
github.com/go-py/go-python/pkg/objects/object.go:3928.37,3930.5 1 1
github.com/go-py/go-python/pkg/objects/object.go:3931.4,3931.19 1 0
github.com/go-py/go-python/pkg/objects/object.go:3931.19,3933.5 1 0
github.com/go-py/go-python/pkg/objects/object.go:3934.4,3934.32 1 0
github.com/go-py/go-python/pkg/objects/object.go:3939.2,3944.17 2 1
github.com/go-py/go-python/pkg/objects/object.go:3948.33,3957.35 2 1
github.com/go-py/go-python/pkg/objects/object.go:3957.35,3958.21 1 1
github.com/go-py/go-python/pkg/objects/object.go:3958.21,3960.5 1 0
github.com/go-py/go-python/pkg/objects/object.go:3963.4,3967.18 3 1
github.com/go-py/go-python/pkg/objects/object.go:3967.18,3969.5 1 0
github.com/go-py/go-python/pkg/objects/object.go:3971.4,3971.39 1 1
github.com/go-py/go-python/pkg/objects/object.go:3976.2,3978.35 1 1
github.com/go-py/go-python/pkg/objects/object.go:3978.35,3979.22 1 1
github.com/go-py/go-python/pkg/objects/object.go:3979.22,3981.5 1 0
github.com/go-py/go-python/pkg/objects/object.go:3982.4,3983.11 2 1
github.com/go-py/go-python/pkg/objects/object.go:3983.11,3985.5 1 0
github.com/go-py/go-python/pkg/objects/object.go:3987.4,3989.18 3 1
github.com/go-py/go-python/pkg/objects/object.go:3989.18,3991.5 1 0
github.com/go-py/go-python/pkg/objects/object.go:3993.4,3993.32 1 1
github.com/go-py/go-python/pkg/objects/object.go:3997.2,3997.19 1 1
github.com/go-py/go-python/pkg/objects/object.go:4001.47,4002.25 1 1
github.com/go-py/go-python/pkg/objects/object.go:4003.16,4004.17 1 1
github.com/go-py/go-python/pkg/objects/object.go:4005.14,4006.17 1 0
github.com/go-py/go-python/pkg/objects/object.go:4007.16,4008.17 1 0
github.com/go-py/go-python/pkg/objects/object.go:4009.15,4010.17 1 0
github.com/go-py/go-python/pkg/objects/object.go:4011.13,4013.35 2 0
github.com/go-py/go-python/pkg/objects/object.go:4013.35,4015.4 1 0
github.com/go-py/go-python/pkg/objects/object.go:4016.3,4016.16 1 0
github.com/go-py/go-python/pkg/objects/object.go:4017.13,4019.35 2 0
github.com/go-py/go-python/pkg/objects/object.go:4019.35,4022.39 2 0
github.com/go-py/go-python/pkg/objects/object.go:4022.39,4024.5 1 0
github.com/go-py/go-python/pkg/objects/object.go:4026.3,4026.16 1 0
github.com/go-py/go-python/pkg/objects/object.go:4027.13,4028.13 1 1
github.com/go-py/go-python/pkg/objects/object.go:4029.10,4030.30 1 0
github.com/go-py/go-python/pkg/objects/object.go:4035.48,4036.27 1 1
github.com/go-py/go-python/pkg/objects/object.go:4037.11,4038.35 1 0
github.com/go-py/go-python/pkg/objects/object.go:4039.13,4040.28 1 0
github.com/go-py/go-python/pkg/objects/object.go:4041.15,4042.26 1 1
github.com/go-py/go-python/pkg/objects/object.go:4043.12,4044.8 1 1
github.com/go-py/go-python/pkg/objects/object.go:4044.8,4046.4 1 1
github.com/go-py/go-python/pkg/objects/object.go:4047.3,4047.15 1 0
github.com/go-py/go-python/pkg/objects/object.go:4048.14,4049.27 1 0
github.com/go-py/go-python/pkg/objects/object.go:4050.21,4052.26 2 0
github.com/go-py/go-python/pkg/objects/object.go:4052.26,4054.4 1 0
github.com/go-py/go-python/pkg/objects/object.go:4055.3,4055.35 1 0
github.com/go-py/go-python/pkg/objects/object.go:4056.30,4058.27 2 0
github.com/go-py/go-python/pkg/objects/object.go:4058.27,4060.4 1 0
github.com/go-py/go-python/pkg/objects/object.go:4061.3,4061.14 1 0
github.com/go-py/go-python/pkg/objects/object.go:4062.11,4063.15 1 1
github.com/go-py/go-python/pkg/objects/object.go:4064.10,4066.46 1 0
github.com/go-py/go-python/pkg/objects/object.go:4071.35,4080.35 2 1
github.com/go-py/go-python/pkg/objects/object.go:4080.35,4081.22 1 1
github.com/go-py/go-python/pkg/objects/object.go:4081.22,4084.5 2 0
github.com/go-py/go-python/pkg/objects/object.go:4085.4,4085.31 1 1
github.com/go-py/go-python/pkg/objects/object.go:4086.18,4087.23 1 1
github.com/go-py/go-python/pkg/objects/object.go:4088.16,4089.30 1 0
github.com/go-py/go-python/pkg/objects/object.go:4090.12,4091.60 1 0
github.com/go-py/go-python/pkg/objects/object.go:4093.4,4093.16 1 1
github.com/go-py/go-python/pkg/objects/object.go:4098.2,4100.35 1 1
github.com/go-py/go-python/pkg/objects/object.go:4100.35,4102.4 1 1
github.com/go-py/go-python/pkg/objects/object.go:4106.2,4108.35 1 1
github.com/go-py/go-python/pkg/objects/object.go:4108.35,4109.22 1 0
github.com/go-py/go-python/pkg/objects/object.go:4109.22,4111.5 1 0
github.com/go-py/go-python/pkg/objects/object.go:4112.4,4114.20 3 0
github.com/go-py/go-python/pkg/objects/object.go:4114.20,4115.41 1 0
github.com/go-py/go-python/pkg/objects/object.go:4115.41,4118.6 2 0
github.com/go-py/go-python/pkg/objects/object.go:4119.5,4119.41 1 0
github.com/go-py/go-python/pkg/objects/object.go:4119.41,4122.6 2 0
github.com/go-py/go-python/pkg/objects/object.go:4123.5,4123.21 1 0
github.com/go-py/go-python/pkg/objects/object.go:4123.21,4125.6 1 0
github.com/go-py/go-python/pkg/objects/object.go:4127.4,4128.32 2 0
github.com/go-py/go-python/pkg/objects/object.go:4133.2,4135.35 1 1
github.com/go-py/go-python/pkg/objects/object.go:4135.35,4136.22 1 0
github.com/go-py/go-python/pkg/objects/object.go:4136.22,4138.5 1 0
github.com/go-py/go-python/pkg/objects/object.go:4139.4,4141.20 3 0
github.com/go-py/go-python/pkg/objects/object.go:4141.20,4143.5 1 0
github.com/go-py/go-python/pkg/objects/object.go:4144.4,4145.34 2 0
github.com/go-py/go-python/pkg/objects/object.go:4150.2,4152.35 1 1
github.com/go-py/go-python/pkg/objects/object.go:4152.35,4153.22 1 0
github.com/go-py/go-python/pkg/objects/object.go:4153.22,4155.5 1 0
github.com/go-py/go-python/pkg/objects/object.go:4156.4,4157.11 2 0
github.com/go-py/go-python/pkg/objects/object.go:4157.11,4159.5 1 0
github.com/go-py/go-python/pkg/objects/object.go:4160.4,4160.31 1 0
github.com/go-py/go-python/pkg/objects/object.go:4160.31,4162.5 1 0
github.com/go-py/go-python/pkg/objects/object.go:4163.4,4164.29 2 0
github.com/go-py/go-python/pkg/objects/object.go:4169.2,4171.35 1 1
github.com/go-py/go-python/pkg/objects/object.go:4171.35,4172.22 1 0
github.com/go-py/go-python/pkg/objects/object.go:4172.22,4174.5 1 0
github.com/go-py/go-python/pkg/objects/object.go:4175.4,4176.11 2 0
github.com/go-py/go-python/pkg/objects/object.go:4176.11,4178.5 1 0
github.com/go-py/go-python/pkg/objects/object.go:4179.4,4179.52 1 0
github.com/go-py/go-python/pkg/objects/object.go:4179.52,4181.5 1 0
github.com/go-py/go-python/pkg/objects/object.go:4182.4,4182.16 1 0
github.com/go-py/go-python/pkg/objects/object.go:4186.2,4186.21 1 1
github.com/go-py/go-python/pkg/objects/object.go:4190.35,4226.35 11 1
github.com/go-py/go-python/pkg/objects/object.go:4226.35,4227.22 1 0
github.com/go-py/go-python/pkg/objects/object.go:4227.22,4229.5 1 0
github.com/go-py/go-python/pkg/objects/object.go:4230.4,4231.11 2 0
github.com/go-py/go-python/pkg/objects/object.go:4231.11,4233.5 1 0
github.com/go-py/go-python/pkg/objects/object.go:4234.4,4234.25 1 0
github.com/go-py/go-python/pkg/objects/object.go:4234.25,4236.5 1 0
github.com/go-py/go-python/pkg/objects/object.go:4237.4,4238.38 2 0
github.com/go-py/go-python/pkg/objects/object.go:4244.2,4246.35 1 1
github.com/go-py/go-python/pkg/objects/object.go:4246.35,4247.22 1 0
github.com/go-py/go-python/pkg/objects/object.go:4247.22,4249.5 1 0
github.com/go-py/go-python/pkg/objects/object.go:4252.4,4252.22 1 0
github.com/go-py/go-python/pkg/objects/object.go:4252.22,4254.12 2 0
github.com/go-py/go-python/pkg/objects/object.go:4254.12,4256.6 1 0
github.com/go-py/go-python/pkg/objects/object.go:4257.5,4257.19 1 0
github.com/go-py/go-python/pkg/objects/object.go:4261.4,4263.20 3 0
github.com/go-py/go-python/pkg/objects/object.go:4263.20,4265.5 1 0
github.com/go-py/go-python/pkg/objects/object.go:4267.4,4267.46 1 0
github.com/go-py/go-python/pkg/objects/object.go:4267.46,4269.5 1 0
github.com/go-py/go-python/pkg/objects/object.go:4271.4,4272.36 2 0
github.com/go-py/go-python/pkg/objects/object.go:4272.36,4274.5 1 0
github.com/go-py/go-python/pkg/objects/object.go:4275.4,4275.17 1 0
github.com/go-py/go-python/pkg/objects/object.go:4279.2,4279.21 1 1
github.com/go-py/go-python/pkg/objects/object.go:4283.33,4292.35 2 1
github.com/go-py/go-python/pkg/objects/object.go:4292.35,4294.4 1 1
github.com/go-py/go-python/pkg/objects/object.go:4298.2,4300.35 1 1
github.com/go-py/go-python/pkg/objects/object.go:4300.35,4301.22 1 0
github.com/go-py/go-python/pkg/objects/object.go:4301.22,4303.5 1 0
github.com/go-py/go-python/pkg/objects/object.go:4304.4,4305.31 2 0
github.com/go-py/go-python/pkg/objects/object.go:4306.16,4307.19 1 0
github.com/go-py/go-python/pkg/objects/object.go:4308.18,4309.28 1 0
github.com/go-py/go-python/pkg/objects/object.go:4310.12,4311.61 1 0
github.com/go-py/go-python/pkg/objects/object.go:4313.4,4314.16 2 0
github.com/go-py/go-python/pkg/objects/object.go:4319.2,4321.35 1 1
github.com/go-py/go-python/pkg/objects/object.go:4321.35,4323.22 2 0
github.com/go-py/go-python/pkg/objects/object.go:4323.22,4325.5 1 0
github.com/go-py/go-python/pkg/objects/object.go:4325.10,4325.29 1 0
github.com/go-py/go-python/pkg/objects/object.go:4325.29,4326.32 1 0
github.com/go-py/go-python/pkg/objects/object.go:4327.17,4328.42 1 0
github.com/go-py/go-python/pkg/objects/object.go:4329.19,4330.31 1 0
github.com/go-py/go-python/pkg/objects/object.go:4331.13,4332.62 1 0
github.com/go-py/go-python/pkg/objects/object.go:4334.10,4336.5 1 0
github.com/go-py/go-python/pkg/objects/object.go:4337.4,4337.50 1 0
github.com/go-py/go-python/pkg/objects/object.go:4342.2,4344.35 1 1
github.com/go-py/go-python/pkg/objects/object.go:4344.35,4359.4 2 0
github.com/go-py/go-python/pkg/objects/object.go:4362.2,4362.19 1 1
github.com/go-py/go-python/pkg/objects/object.go:4366.37,4378.37 2 1
github.com/go-py/go-python/pkg/objects/object.go:4378.37,4381.6 2 1
github.com/go-py/go-python/pkg/objects/object.go:4387.2,4392.37 1 1
github.com/go-py/go-python/pkg/objects/object.go:4392.37,4395.6 2 0
github.com/go-py/go-python/pkg/objects/object.go:4400.2,4400.23 1 1
